<?xml version="1.0" encoding="utf-8"?><testsuites name="pytest tests"><testsuite name="pytest" errors="0" failures="1" skipped="0" tests="16" time="65.473" timestamp="2026-04-06T03:00:47.892789+00:00" hostname="agent-env-7f5bb1fd-f9b8-40a1-a785-81245f2dfa8f"><testcase classname="tests.test_delta_zonal_v2.TestV3SignalN2Structure" name="test_mnq_signal_returns_200" time="30.134"><failure message="requests.exceptions.ReadTimeout: HTTPSConnectionPool(host='gamma-vix-predictor.preview.emergentagent.com', port=443): Read timed out. (read timeout=30)">/root/.venv/lib/python3.11/site-packages/urllib3/connectionpool.py:534: in _make_request
    response = conn.getresponse()
               ^^^^^^^^^^^^^^^^^^
/root/.venv/lib/python3.11/site-packages/urllib3/connection.py:571: in getresponse
    httplib_response = super().getresponse()
                       ^^^^^^^^^^^^^^^^^^^^^
/usr/local/lib/python3.11/http/client.py:1415: in getresponse
    response.begin()
/usr/local/lib/python3.11/http/client.py:330: in begin
    version, status, reason = self._read_status()
                              ^^^^^^^^^^^^^^^^^^^
/usr/local/lib/python3.11/http/client.py:291: in _read_status
    line = str(self.fp.readline(_MAXLINE + 1), "iso-8859-1")
               ^^^^^^^^^^^^^^^^^^^^^^^^^^^^^^
/usr/local/lib/python3.11/socket.py:718: in readinto
    return self._sock.recv_into(b)
           ^^^^^^^^^^^^^^^^^^^^^^^
/usr/local/lib/python3.11/ssl.py:1314: in recv_into
    return self.read(nbytes, buffer)
           ^^^^^^^^^^^^^^^^^^^^^^^^^
/usr/local/lib/python3.11/ssl.py:1166: in read
    return self._sslobj.read(len, buffer)
           ^^^^^^^^^^^^^^^^^^^^^^^^^^^^^^
E   TimeoutError: The read operation timed out

The above exception was the direct cause of the following exception:
/root/.venv/lib/python3.11/site-packages/requests/adapters.py:644: in send
    resp = conn.urlopen(
/root/.venv/lib/python3.11/site-packages/urllib3/connectionpool.py:841: in urlopen
    retries = retries.increment(
/root/.venv/lib/python3.11/site-packages/urllib3/util/retry.py:490: in increment
    raise reraise(type(error), error, _stacktrace)
          ^^^^^^^^^^^^^^^^^^^^^^^^^^^^^^^^^^^^^^^^
/root/.venv/lib/python3.11/site-packages/urllib3/util/util.py:39: in reraise
    raise value
/root/.venv/lib/python3.11/site-packages/urllib3/connectionpool.py:787: in urlopen
    response = self._make_request(
/root/.venv/lib/python3.11/site-packages/urllib3/connectionpool.py:536: in _make_request
    self._raise_timeout(err=e, url=url, timeout_value=read_timeout)
/root/.venv/lib/python3.11/site-packages/urllib3/connectionpool.py:367: in _raise_timeout
    raise ReadTimeoutError(
E   urllib3.exceptions.ReadTimeoutError: HTTPSConnectionPool(host='gamma-vix-predictor.preview.emergentagent.com', port=443): Read timed out. (read timeout=30)

During handling of the above exception, another exception occurred:
tests/test_delta_zonal_v2.py:27: in test_mnq_signal_returns_200
    response = requests.get(f"{BASE_URL}/api/v3/signal/MNQ", timeout=30)
               ^^^^^^^^^^^^^^^^^^^^^^^^^^^^^^^^^^^^^^^^^^^^^^^^^^^^^^^^^
/root/.venv/lib/python3.11/site-packages/requests/api.py:73: in get
    return request("get", url, params=params, **kwargs)
           ^^^^^^^^^^^^^^^^^^^^^^^^^^^^^^^^^^^^^^^^^^^^
/root/.venv/lib/python3.11/site-packages/requests/api.py:59: in request
    return session.request(method=method, url=url, **kwargs)
           ^^^^^^^^^^^^^^^^^^^^^^^^^^^^^^^^^^^^^^^^^^^^^^^^^
/root/.venv/lib/python3.11/site-packages/requests/sessions.py:589: in request
    resp = self.send(prep, **send_kwargs)
           ^^^^^^^^^^^^^^^^^^^^^^^^^^^^^^
/root/.venv/lib/python3.11/site-packages/requests/sessions.py:703: in send
    r = adapter.send(request, **kwargs)
        ^^^^^^^^^^^^^^^^^^^^^^^^^^^^^^^
/root/.venv/lib/python3.11/site-packages/requests/adapters.py:690: in send
    raise ReadTimeout(e, request=request)
E   requests.exceptions.ReadTimeout: HTTPSConnectionPool(host='gamma-vix-predictor.preview.emergentagent.com', port=443): Read timed out. (read timeout=30)</failure></testcase><testcase classname="tests.test_delta_zonal_v2.TestV3SignalN2Structure" name="test_mnq_nivel_2_has_interaction_quality" time="3.477" /><testcase classname="tests.test_delta_zonal_v2.TestV3SignalN2Structure" name="test_mnq_nivel_2_has_dz_levels" time="0.319" /><testcase classname="tests.test_delta_zonal_v2.TestV3SignalN2Structure" name="test_mnq_nivel_2_has_dz_summary_fields" time="0.288" /><testcase classname="tests.test_delta_zonal_v2.TestV3SignalN3Extreme" name="test_mnq_nivel_3_has_absorption_price_limit" time="0.272" /><testcase classname="tests.test_delta_zonal_v2.TestV3SignalN3Extreme" name="test_mnq_nivel_3_levels_have_delta_ratio_and_baseline" time="0.272" /><testcase classname="tests.test_delta_zonal_v2.TestCrossSymbolValidation" name="test_mes_signal_returns_200" time="27.875" /><testcase classname="tests.test_delta_zonal_v2.TestCrossSymbolValidation" name="test_mes_has_same_n2_fields_as_mnq" time="0.612" /><testcase classname="tests.test_delta_zonal_v2.TestCrossSymbolValidation" name="test_mes_has_same_n3_fields_as_mnq" time="0.250" /><testcase classname="tests.test_delta_zonal_v2.TestSnapshotRecording" name="test_record_now_returns_success" time="0.426" /><testcase classname="tests.test_delta_zonal_v2.TestSnapshotRecording" name="test_snapshot_stats_endpoint" time="0.132" /><testcase classname="tests.test_delta_zonal_v2.TestWelfordPersistence" name="test_welford_stats_collection_exists" time="0.290" /><testcase classname="tests.test_delta_zonal_v2.TestEvaluateFiltersRegimes" name="test_n2_reason_contains_dz_metrics" time="0.284" /><testcase classname="tests.test_delta_zonal_v2.TestEvaluateFiltersRegimes" name="test_n2_passed_field_exists" time="0.280" /><testcase classname="tests.test_delta_zonal_v2.TestN3ElasticAbsorption" name="test_n3_absorption_limit_is_atr_based" time="0.267" /><testcase classname="tests.test_delta_zonal_v2.TestBackendHealth" name="test_health_endpoint" time="0.101" /></testsuite></testsuites>