<?xml version="1.0" encoding="utf-8"?><testsuites name="pytest tests"><testsuite name="pytest" errors="0" failures="0" skipped="0" tests="17" time="24.982" timestamp="2026-04-06T16:13:19.733769+00:00" hostname="agent-env-7f5bb1fd-f9b8-40a1-a785-81245f2dfa8f"><testcase classname="tests.test_regime_state_machine.TestRegimeStateMachineUnit" name="test_initial_state_is_transicao" time="0.000" /><testcase classname="tests.test_regime_state_machine.TestRegimeStateMachineUnit" name="test_hysteresis_bull_stays_bull_at_score_7" time="0.000" /><testcase classname="tests.test_regime_state_machine.TestRegimeStateMachineUnit" name="test_hysteresis_transicao_to_bull_starts_pending" time="0.000" /><testcase classname="tests.test_regime_state_machine.TestRegimeStateMachineUnit" name="test_debounce_oscillating_resets_pending" time="0.000" /><testcase classname="tests.test_regime_state_machine.TestRegimeStateMachineUnit" name="test_debounce_consistent_score_confirms_regime" time="0.000" /><testcase classname="tests.test_regime_state_machine.TestRegimeStateMachineUnit" name="test_term_structure_override_capitulacao" time="0.000" /><testcase classname="tests.test_regime_state_machine.TestRegimeStateMachineUnit" name="test_term_structure_override_complacencia" time="0.000" /><testcase classname="tests.test_regime_state_machine.TestRegimeStateMachineUnit" name="test_result_includes_pending_metadata" time="0.000" /><testcase classname="tests.test_regime_state_machine.TestRegimeStateMachineUnit" name="test_get_state_returns_full_status" time="0.000" /><testcase classname="tests.test_regime_state_machine.TestRegimeStateMachineUnit" name="test_debounce_from_panic_is_faster" time="0.000" /><testcase classname="tests.test_regime_state_machine.TestRegimeStateMachineAPI" name="test_get_regime_state_endpoint" time="22.055" /><testcase classname="tests.test_regime_state_machine.TestRegimeStateMachineAPI" name="test_get_regime_transitions_endpoint" time="1.906" /><testcase classname="tests.test_regime_state_machine.TestRegimeStateMachineAPI" name="test_v3_signal_fallback_uses_state_machine" time="0.600" /><testcase classname="tests.test_regime_state_machine.TestRegimeStateMachineAPI" name="test_regime_state_hysteresis_config_structure" time="0.145" /><testcase classname="tests.test_regime_state_machine.TestRegimeStateMachineAPI" name="test_regime_state_debounce_values" time="0.173" /><testcase classname="tests.test_regime_state_machine.TestHysteresisThresholds" name="test_hysteresis_constants_match_spec" time="0.000" /><testcase classname="tests.test_regime_state_machine.TestHysteresisThresholds" name="test_debounce_constants_match_spec" time="0.000" /></testsuite></testsuites>