<?xml version="1.0" encoding="utf-8"?><testsuites name="pytest tests"><testsuite name="pytest" errors="0" failures="0" skipped="0" tests="11" time="59.167" timestamp="2026-04-05T11:01:45.794422+00:00" hostname="agent-env-7f5bb1fd-f9b8-40a1-a785-81245f2dfa8f"><testcase classname="backend.tests.test_vwap.TestVWAPEndpoint" name="test_vwap_mnq_returns_200" time="2.373" /><testcase classname="backend.tests.test_vwap.TestVWAPEndpoint" name="test_vwap_mnq_has_required_fields" time="8.936" /><testcase classname="backend.tests.test_vwap.TestVWAPEndpoint" name="test_vwap_mnq_values_valid" time="15.443" /><testcase classname="backend.tests.test_vwap.TestVWAPEndpoint" name="test_vwap_position_valid" time="2.285" /><testcase classname="backend.tests.test_vwap.TestVWAPEndpoint" name="test_vwap_signal_valid" time="2.762" /><testcase classname="backend.tests.test_vwap.TestVWAPEndpoint" name="test_vwap_mes_returns_200" time="2.343" /><testcase classname="backend.tests.test_vwap.TestVWAPEndpoint" name="test_vwap_invalid_symbol_returns_404" time="0.105" /><testcase classname="backend.tests.test_vwap.TestAnalyzeIncludesVWAP" name="test_analyze_includes_vwap" time="15.212" /><testcase classname="backend.tests.test_vwap.TestAnalyzeIncludesVWAP" name="test_analyze_vwap_has_all_fields" time="8.248" /><testcase classname="backend.tests.test_vwap.TestRegressionOFI" name="test_ofi_mnq_returns_200" time="1.285" /><testcase classname="backend.tests.test_vwap.TestRegressionTreasury" name="test_treasury_returns_200" time="0.103" /></testsuite></testsuites>