<?xml version="1.0" encoding="utf-8"?><testsuites name="pytest tests"><testsuite name="pytest" errors="0" failures="0" skipped="0" tests="10" time="12.933" timestamp="2026-04-06T07:05:16.830043+00:00" hostname="agent-env-7f5bb1fd-f9b8-40a1-a785-81245f2dfa8f"><testcase classname="backend.tests.test_optimizer.TestOptimizerStartAndStatus" name="test_start_optimization_returns_running_status" time="3.159" /><testcase classname="backend.tests.test_optimizer.TestOptimizerStartAndStatus" name="test_get_optimization_status_returns_progress" time="0.111" /><testcase classname="backend.tests.test_optimizer.TestOptimizerResult" name="test_run_small_optimization_and_get_result" time="2.256" /><testcase classname="backend.tests.test_optimizer.TestOptimizerHeatmap" name="test_heatmap_has_all_six_pairs" time="0.168" /><testcase classname="backend.tests.test_optimizer.TestOptimizerValidation" name="test_grid_over_1000_combos_rejected" time="0.095" /><testcase classname="backend.tests.test_optimizer.TestOptimizerCancel" name="test_cancel_active_optimization" time="2.248" /><testcase classname="backend.tests.test_optimizer.TestOptimizerCancel" name="test_cancel_no_active_optimization_returns_404" time="0.147" /><testcase classname="backend.tests.test_optimizer.TestOptimizerHistory" name="test_get_optimization_history" time="0.106" /><testcase classname="backend.tests.test_optimizer.TestOptimizerObjectives" name="test_sortino_objective_ranking" time="2.275" /><testcase classname="backend.tests.test_optimizer.TestOptimizerObjectives" name="test_min_drawdown_objective_ascending_order" time="2.269" /></testsuite></testsuites>