<?xml version="1.0" encoding="utf-8"?><testsuites name="pytest tests"><testsuite name="pytest" errors="0" failures="0" skipped="0" tests="22" time="59.927" timestamp="2026-04-06T18:37:25.358287+00:00" hostname="agent-env-7f5bb1fd-f9b8-40a1-a785-81245f2dfa8f"><testcase classname="tests.test_p1_optimizations.TestPreWarmStartup" name="test_warm_caches_loads_all_10_sources" time="6.288" /><testcase classname="tests.test_p1_optimizations.TestPreWarmStartup" name="test_warm_caches_no_np_random_in_fallbacks" time="0.004" /><testcase classname="tests.test_p1_optimizations.TestStaggeredCacheRefresh" name="test_macro_refresh_loop_started" time="0.151" /><testcase classname="tests.test_p1_optimizations.TestStaggeredCacheRefresh" name="test_refresh_loop_80_percent_ttl_threshold" time="0.000" /><testcase classname="tests.test_p1_optimizations.TestStaggeredCacheRefresh" name="test_circuit_breakers_mostly_closed_after_warmup" time="0.119" /><testcase classname="tests.test_p1_optimizations.TestSharedTradesIncremental" name="test_shared_trades_service_has_ring_buffer" time="1.582" /><testcase classname="tests.test_p1_optimizations.TestSharedTradesIncremental" name="test_shared_trades_cold_start_fetches_full_window" time="0.000" /><testcase classname="tests.test_p1_optimizations.TestSharedTradesIncremental" name="test_shared_trades_incremental_logic" time="0.000" /><testcase classname="tests.test_p1_optimizations.TestSharedTradesIncremental" name="test_shared_trades_prunes_old_trades" time="0.000" /><testcase classname="tests.test_p1_optimizations.TestSharedTradesIncremental" name="test_shared_trades_returns_stale_buffer_on_error" time="0.000" /><testcase classname="tests.test_p1_optimizations.TestParallelTreasuryFallback" name="test_fetch_yield_ticker_uses_threadpool" time="0.001" /><testcase classname="tests.test_p1_optimizations.TestParallelTreasuryFallback" name="test_fetch_yield_ticker_dispatches_both_tickers" time="0.001" /><testcase classname="tests.test_p1_optimizations.TestParallelTreasuryFallback" name="test_fetch_yield_ticker_cancels_remaining_futures" time="0.001" /><testcase classname="tests.test_p1_optimizations.TestParallelTreasuryFallback" name="test_treasury_uses_parallel_fallback_for_2y" time="0.002" /><testcase classname="tests.test_p1_optimizations.TestParallelTreasuryFallback" name="test_treasury_api_returns_valid_data" time="9.004" /><testcase classname="tests.test_p1_optimizations.TestV3SignalIntegration" name="test_v3_signal_returns_valid_data_after_warmup" time="29.271" /><testcase classname="tests.test_p1_optimizations.TestV3SignalIntegration" name="test_v3_signal_nivel1_has_dqs_fields" time="2.792" /><testcase classname="tests.test_p1_optimizations.TestP0Regression" name="test_lkg_store_still_functional" time="0.000" /><testcase classname="tests.test_p1_optimizations.TestP0Regression" name="test_circuit_breaker_still_functional" time="0.150" /><testcase classname="tests.test_p1_optimizations.TestP0Regression" name="test_data_epoch_still_functional" time="0.000" /><testcase classname="tests.test_p1_optimizations.TestP0Regression" name="test_dqs_step_function_still_functional" time="0.000" /><testcase classname="tests.test_p1_optimizations.TestP0Regression" name="test_data_quality_api_still_functional" time="10.460" /></testsuite></testsuites>