<?xml version="1.0" encoding="utf-8"?><testsuites name="pytest tests"><testsuite name="pytest" errors="0" failures="0" skipped="0" tests="17" time="27.149" timestamp="2026-04-06T03:53:27.369867+00:00" hostname="agent-env-7f5bb1fd-f9b8-40a1-a785-81245f2dfa8f"><testcase classname="tests.test_trend_tp_suppression.TestPositionManagerArchetypes" name="test_regime_to_archetype_mapping" time="0.001" /><testcase classname="tests.test_trend_tp_suppression.TestPositionManagerArchetypes" name="test_get_archetype_function" time="0.000" /><testcase classname="tests.test_trend_tp_suppression.TestPositionManagerArchetypes" name="test_trend_calculate_position_params_has_take_profit" time="0.000" /><testcase classname="tests.test_trend_tp_suppression.TestPositionManagerArchetypes" name="test_trend_scale_out_config" time="0.000" /><testcase classname="tests.test_trend_tp_suppression.TestPositionManagerArchetypes" name="test_range_has_fixed_take_profit" time="0.000" /><testcase classname="tests.test_trend_tp_suppression.TestPositionManagerArchetypes" name="test_fade_has_fixed_take_profit" time="0.000" /><testcase classname="tests.test_trend_tp_suppression.TestV3SignalEndpoint" name="test_v3_signal_returns_regime_in_nivel_1" time="18.828" /><testcase classname="tests.test_trend_tp_suppression.TestCodePathLogic" name="test_path1_execute_v3_signal_trend_suppression_logic" time="0.001" /><testcase classname="tests.test_trend_tp_suppression.TestCodePathLogic" name="test_path2_open_position_with_signalstack_trend_suppression_logic" time="0.001" /><testcase classname="tests.test_trend_tp_suppression.TestCodePathLogic" name="test_scale_out_quantity_calculation" time="0.001" /><testcase classname="tests.test_trend_tp_suppression.TestBackendHealth" name="test_backend_health" time="8.229" /><testcase classname="tests.test_trend_tp_suppression.TestBackendHealth" name="test_position_manager_imports" time="0.000" /><testcase classname="tests.test_trend_tp_suppression.TestArchetypeSpecificBehavior" name="test_all_trend_regimes_suppress_tp" time="0.000" /><testcase classname="tests.test_trend_tp_suppression.TestArchetypeSpecificBehavior" name="test_range_regime_sends_tp" time="0.000" /><testcase classname="tests.test_trend_tp_suppression.TestArchetypeSpecificBehavior" name="test_fade_regime_sends_tp" time="0.000" /><testcase classname="tests.test_trend_tp_suppression.TestScaleOutConfiguration" name="test_scale_out_only_for_trend" time="0.000" /><testcase classname="tests.test_trend_tp_suppression.TestScaleOutConfiguration" name="test_scale_out_quantity_is_50_percent" time="0.000" /></testsuite></testsuites>