<?xml version="1.0" encoding="utf-8"?><testsuites name="pytest tests"><testsuite name="pytest" errors="0" failures="0" skipped="0" tests="16" time="28.762" timestamp="2026-04-05T17:01:59.785681+00:00" hostname="agent-env-7f5bb1fd-f9b8-40a1-a785-81245f2dfa8f"><testcase classname="backend.tests.test_delta_zonal_atr.TestV3SignalDeltaZonal" name="test_mnq_signal_returns_delta_zonal_n2" time="3.120" /><testcase classname="backend.tests.test_delta_zonal_atr.TestV3SignalDeltaZonal" name="test_mnq_signal_n2_levels_have_buffer_info" time="1.220" /><testcase classname="backend.tests.test_delta_zonal_atr.TestV3SignalDeltaZonal" name="test_mnq_signal_n2_atr_fractions_correct" time="1.689" /><testcase classname="backend.tests.test_delta_zonal_atr.TestV3SignalDeltaZonal" name="test_mnq_signal_returns_delta_zonal_n3" time="0.744" /><testcase classname="backend.tests.test_delta_zonal_atr.TestV3SignalDeltaZonal" name="test_mnq_signal_n3_levels_have_buffer_info" time="0.904" /><testcase classname="backend.tests.test_delta_zonal_atr.TestV3SignalDeltaZonal" name="test_mnq_signal_n3_atr_fractions_correct" time="0.771" /><testcase classname="backend.tests.test_delta_zonal_atr.TestV3DeltaZonalEndpoint" name="test_mnq_delta_zonal_endpoint_returns_200" time="0.666" /><testcase classname="backend.tests.test_delta_zonal_atr.TestV3DeltaZonalEndpoint" name="test_mnq_delta_zonal_n2_has_atr_m5" time="1.356" /><testcase classname="backend.tests.test_delta_zonal_atr.TestV3DeltaZonalEndpoint" name="test_mnq_delta_zonal_n3_has_atr_m1" time="2.696" /><testcase classname="backend.tests.test_delta_zonal_atr.TestMESSymbol" name="test_mes_signal_returns_200" time="3.562" /><testcase classname="backend.tests.test_delta_zonal_atr.TestMESSymbol" name="test_mes_delta_zonal_returns_200" time="3.943" /><testcase classname="backend.tests.test_delta_zonal_atr.TestMESSymbol" name="test_mes_n2_has_atr_fractions" time="0.994" /><testcase classname="backend.tests.test_delta_zonal_atr.TestATRScaling" name="test_atr_m5_smaller_than_atr_1h" time="2.338" /><testcase classname="backend.tests.test_delta_zonal_atr.TestATRScaling" name="test_atr_m1_smaller_than_atr_m5" time="1.831" /><testcase classname="backend.tests.test_delta_zonal_atr.TestBufferCalculation" name="test_n2_buffer_equals_atr_times_fraction" time="1.752" /><testcase classname="backend.tests.test_delta_zonal_atr.TestBufferCalculation" name="test_n3_buffer_equals_atr_times_fraction" time="1.082" /></testsuite></testsuites>