<?xml version="1.0" encoding="utf-8"?><testsuites name="pytest tests"><testsuite name="pytest" errors="0" failures="0" skipped="0" tests="11" time="9.988" timestamp="2026-04-07T04:13:37.916908+00:00" hostname="agent-env-7f5bb1fd-f9b8-40a1-a785-81245f2dfa8f"><testcase classname="backend.tests.test_globex_auto.TestGlobexAutoBackend" name="test_trading_status_returns_globex_auto_field" time="0.268" /><testcase classname="backend.tests.test_globex_auto.TestGlobexAutoBackend" name="test_trading_status_returns_nyse_auto_field" time="0.157" /><testcase classname="backend.tests.test_globex_auto.TestGlobexAutoBackend" name="test_trading_status_returns_session_type_field" time="0.143" /><testcase classname="backend.tests.test_globex_auto.TestGlobexAutoBackend" name="test_trading_status_returns_exchange_status_field" time="0.144" /><testcase classname="backend.tests.test_globex_auto.TestGlobexAutoBackend" name="test_enable_globex_auto_via_config" time="7.350" /><testcase classname="backend.tests.test_globex_auto.TestGlobexAutoBackend" name="test_trading_status_with_globex_enabled" time="0.316" /><testcase classname="backend.tests.test_globex_auto.TestGlobexAutoBackend" name="test_disable_globex_auto_via_config" time="0.351" /><testcase classname="backend.tests.test_globex_auto.TestGlobexAutoBackend" name="test_trading_status_with_globex_disabled" time="0.317" /><testcase classname="backend.tests.test_globex_auto.TestGlobexAutoBackend" name="test_autotrading_config_returns_globex_fields" time="0.106" /><testcase classname="backend.tests.test_globex_auto.TestGlobexAutoBackend" name="test_globex_flatten_minutes_configurable" time="0.440" /><testcase classname="backend.tests.test_globex_auto.TestGlobexAutoCleanup" name="test_cleanup_disable_globex_auto" time="0.307" /></testsuite></testsuites>