<?xml version="1.0" encoding="utf-8"?><testsuites name="pytest tests"><testsuite name="pytest" errors="0" failures="0" skipped="0" tests="9" time="34.464" timestamp="2026-04-04T22:19:00.724853+00:00" hostname="agent-env-7f5bb1fd-f9b8-40a1-a785-81245f2dfa8f"><testcase classname="backend.tests.test_cvd.TestCVDEndpoint" name="test_cvd_mnq_returns_valid_data" time="0.438" /><testcase classname="backend.tests.test_cvd.TestCVDEndpoint" name="test_cvd_mes_returns_valid_data" time="0.351" /><testcase classname="backend.tests.test_cvd.TestCVDEndpoint" name="test_cvd_invalid_symbol_returns_404" time="0.133" /><testcase classname="backend.tests.test_cvd.TestCVDEndpoint" name="test_cvd_volume_math_correct" time="0.867" /><testcase classname="backend.tests.test_cvd.TestCVDEndpoint" name="test_cvd_percentage_math_correct" time="0.335" /><testcase classname="backend.tests.test_cvd.TestCVDEndpoint" name="test_cvd_trend_valid_values" time="0.907" /><testcase classname="backend.tests.test_cvd.TestCVDEndpoint" name="test_cvd_sentiment_valid_values" time="0.978" /><testcase classname="backend.tests.test_cvd.TestCVDInAnalyze" name="test_analyze_includes_cvd" time="21.283" /><testcase classname="backend.tests.test_cvd.TestCVDInAnalyze" name="test_analyze_cvd_has_all_fields" time="9.099" /></testsuite></testsuites>