<?xml version="1.0" encoding="utf-8"?><testsuites name="pytest tests"><testsuite name="pytest" errors="0" failures="0" skipped="0" tests="18" time="29.348" timestamp="2026-04-05T21:47:28.991191+00:00" hostname="agent-env-7f5bb1fd-f9b8-40a1-a785-81245f2dfa8f"><testcase classname="backend.tests.test_signalstack_payloads.TestGetTradovateSymbol" name="test_symbols_endpoint_returns_1_digit_year" time="0.128" /><testcase classname="backend.tests.test_signalstack_payloads.TestGetTradovateSymbol" name="test_mnq_symbol_format" time="0.102" /><testcase classname="backend.tests.test_signalstack_payloads.TestBuildSignalStackPayload" name="test_market_order_payload" time="1.306" /><testcase classname="backend.tests.test_signalstack_payloads.TestBuildSignalStackPayload" name="test_limit_order_payload" time="1.180" /><testcase classname="backend.tests.test_signalstack_payloads.TestBuildSignalStackPayload" name="test_stop_order_payload" time="12.683" /><testcase classname="backend.tests.test_signalstack_payloads.TestBuildSignalStackPayload" name="test_stop_limit_order_payload" time="1.285" /><testcase classname="backend.tests.test_signalstack_payloads.TestBuildSignalStackPayload" name="test_trailing_stop_payload" time="1.199" /><testcase classname="backend.tests.test_signalstack_payloads.TestBuildSignalStackPayload" name="test_breakeven_payload" time="1.313" /><testcase classname="backend.tests.test_signalstack_payloads.TestBuildSignalStackPayload" name="test_cancel_payload" time="1.196" /><testcase classname="backend.tests.test_signalstack_payloads.TestTestPayloadsEndpoint" name="test_endpoint_returns_7_results" time="1.179" /><testcase classname="backend.tests.test_signalstack_payloads.TestTestPayloadsEndpoint" name="test_endpoint_returns_summary" time="1.189" /><testcase classname="backend.tests.test_signalstack_payloads.TestTestPayloadsEndpoint" name="test_cancel_returns_201" time="1.194" /><testcase classname="backend.tests.test_signalstack_payloads.TestFlattenAllEndpoint" name="test_flatten_all_returns_success" time="0.135" /><testcase classname="backend.tests.test_signalstack_payloads.TestUpdateStopEndpoint" name="test_update_stop_nonexistent_position" time="0.103" /><testcase classname="backend.tests.test_signalstack_payloads.TestClosePositionEndpoint" name="test_close_nonexistent_position" time="0.099" /><testcase classname="backend.tests.test_signalstack_payloads.TestPositionManagerCleanup" name="test_evaluate_position_update_removed" time="0.001" /><testcase classname="backend.tests.test_signalstack_payloads.TestSignalStackOrderModel" name="test_order_model_has_trailing_fields" time="2.006" /><testcase classname="backend.tests.test_signalstack_payloads.TestSignalStackOrderModel" name="test_order_model_has_breakeven_field" time="2.954" /></testsuite></testsuites>