<?xml version="1.0" encoding="utf-8"?><testsuites name="pytest tests"><testsuite name="pytest" errors="0" failures="0" skipped="0" tests="17" time="27.371" timestamp="2026-04-07T02:37:13.658983+00:00" hostname="agent-env-7f5bb1fd-f9b8-40a1-a785-81245f2dfa8f"><testcase classname="backend.tests.test_vwap_vp_session_reset.TestSessionVWAPsEndpoint" name="test_session_vwaps_returns_globex_and_session_ny_keys" time="11.845" /><testcase classname="backend.tests.test_vwap_vp_session_reset.TestSessionVWAPsEndpoint" name="test_globex_vwap_has_real_data" time="0.404" /><testcase classname="backend.tests.test_vwap_vp_session_reset.TestSessionVWAPsEndpoint" name="test_session_ny_vwap_has_correct_label" time="0.143" /><testcase classname="backend.tests.test_vwap_vp_session_reset.TestV3SignalEndpoint" name="test_context_session_type_is_globex" time="11.354" /><testcase classname="backend.tests.test_vwap_vp_session_reset.TestV3SignalEndpoint" name="test_context_vwap_source_is_globex" time="0.289" /><testcase classname="backend.tests.test_vwap_vp_session_reset.TestV3SignalEndpoint" name="test_context_vwap_has_real_value" time="0.282" /><testcase classname="backend.tests.test_vwap_vp_session_reset.TestV3SignalEndpoint" name="test_context_vwap_bands_all_positive" time="0.262" /><testcase classname="backend.tests.test_vwap_vp_session_reset.TestV3SignalEndpoint" name="test_context_vp_source_is_globex" time="0.286" /><testcase classname="backend.tests.test_vwap_vp_session_reset.TestV3SignalEndpoint" name="test_nivel_1_session_type_is_globex" time="0.284" /><testcase classname="backend.tests.test_vwap_vp_session_reset.TestV3SignalEndpoint" name="test_nivel_1_session_lot_warning_contains_globex" time="0.277" /><testcase classname="backend.tests.test_vwap_vp_session_reset.TestV3SignalEndpoint" name="test_lot_pct_is_halved_during_globex" time="0.278" /><testcase classname="backend.tests.test_vwap_vp_session_reset.TestAnalyzeEndpoint" name="test_session_vps_has_required_keys" time="0.258" /><testcase classname="backend.tests.test_vwap_vp_session_reset.TestAnalyzeEndpoint" name="test_rth_vp_has_correct_session_and_start" time="0.259" /><testcase classname="backend.tests.test_vwap_vp_session_reset.TestAnalyzeEndpoint" name="test_daily_vp_starts_from_overnight" time="0.254" /><testcase classname="backend.tests.test_vwap_vp_session_reset.TestAnalyzeEndpoint" name="test_session_vwaps_globex_has_candle_count" time="0.266" /><testcase classname="backend.tests.test_vwap_vp_session_reset.TestDataIntegrity" name="test_vwap_bands_are_symmetric" time="0.117" /><testcase classname="backend.tests.test_vwap_vp_session_reset.TestDataIntegrity" name="test_session_times_are_consistent" time="0.384" /></testsuite></testsuites>