<?xml version="1.0" encoding="utf-8"?><testsuites name="pytest tests"><testsuite name="pytest" errors="0" failures="0" skipped="0" tests="13" time="18.010" timestamp="2026-04-05T18:32:42.860791+00:00" hostname="agent-env-7f5bb1fd-f9b8-40a1-a785-81245f2dfa8f"><testcase classname="backend.tests.test_n3_delta_zonal.TestN3SignalStructure" name="test_mnq_n3_signal_has_required_fields" time="8.527" /><testcase classname="backend.tests.test_n3_delta_zonal.TestN3SignalStructure" name="test_mes_n3_signal_has_required_fields" time="6.712" /><testcase classname="backend.tests.test_n3_delta_zonal.TestN3RemovedFields" name="test_mnq_n3_does_not_have_ofi_slow" time="0.269" /><testcase classname="backend.tests.test_n3_delta_zonal.TestN3RemovedFields" name="test_mes_n3_does_not_have_removed_fields" time="0.236" /><testcase classname="backend.tests.test_n3_delta_zonal.TestN3ReasonField" name="test_n3_reason_contains_metric_values" time="0.233" /><testcase classname="backend.tests.test_n3_delta_zonal.TestN3DeltaZonalIntegration" name="test_n3_has_delta_zonal_object" time="0.217" /><testcase classname="backend.tests.test_n3_delta_zonal.TestN3DeltaZonalIntegration" name="test_n2_has_delta_zonal_object" time="0.253" /><testcase classname="backend.tests.test_n3_delta_zonal.TestN3RegimeSpecificLogic" name="test_n3_signal_varies_by_regime" time="0.252" /><testcase classname="backend.tests.test_n3_delta_zonal.TestPositionEvaluateAutoSizing" name="test_evaluate_returns_max_qty_by_risk" time="0.226" /><testcase classname="backend.tests.test_n3_delta_zonal.TestBothSymbolsWork" name="test_mnq_returns_valid_signal" time="0.231" /><testcase classname="backend.tests.test_n3_delta_zonal.TestBothSymbolsWork" name="test_mes_returns_valid_signal" time="0.228" /><testcase classname="backend.tests.test_n3_delta_zonal.TestN3TickIndexIntegration" name="test_tick_index_in_n3_response" time="0.264" /><testcase classname="backend.tests.test_n3_delta_zonal.TestN3OFIFastIntegration" name="test_ofi_fast_in_n3_response" time="0.274" /></testsuite></testsuites>