<?xml version="1.0" encoding="utf-8"?><testsuites name="pytest tests"><testsuite name="pytest" errors="0" failures="0" skipped="0" tests="18" time="19.651" timestamp="2026-04-05T17:48:57.154277+00:00" hostname="agent-env-7f5bb1fd-f9b8-40a1-a785-81245f2dfa8f"><testcase classname="backend.tests.test_position_manager.TestPositionEvaluate" name="test_evaluate_mnq_buy" time="10.452" /><testcase classname="backend.tests.test_position_manager.TestPositionEvaluate" name="test_evaluate_mnq_sell" time="0.254" /><testcase classname="backend.tests.test_position_manager.TestPositionEvaluate" name="test_evaluate_mes_buy" time="5.711" /><testcase classname="backend.tests.test_position_manager.TestPositionEvaluate" name="test_evaluate_invalid_symbol" time="0.121" /><testcase classname="backend.tests.test_position_manager.TestArchetypeParams" name="test_range_archetype_params" time="0.230" /><testcase classname="backend.tests.test_position_manager.TestArchetypeParams" name="test_trend_archetype_params" time="0.300" /><testcase classname="backend.tests.test_position_manager.TestArchetypeParams" name="test_fade_archetype_params" time="0.241" /><testcase classname="backend.tests.test_position_manager.TestPositionOpen" name="test_open_position_with_force" time="0.324" /><testcase classname="backend.tests.test_position_manager.TestPositionOpen" name="test_duplicate_position_protection" time="0.216" /><testcase classname="backend.tests.test_position_manager.TestPositionActive" name="test_get_all_active_positions" time="0.105" /><testcase classname="backend.tests.test_position_manager.TestPositionActive" name="test_get_active_position_for_symbol" time="0.109" /><testcase classname="backend.tests.test_position_manager.TestPositionActive" name="test_get_active_position_nonexistent_symbol" time="0.103" /><testcase classname="backend.tests.test_position_manager.TestPositionUpdateStop" name="test_update_stop_loss" time="0.346" /><testcase classname="backend.tests.test_position_manager.TestPositionUpdateStop" name="test_update_stop_invalid_position" time="0.111" /><testcase classname="backend.tests.test_position_manager.TestPositionClose" name="test_close_position" time="0.373" /><testcase classname="backend.tests.test_position_manager.TestPositionClose" name="test_close_already_closed_position" time="0.218" /><testcase classname="backend.tests.test_position_manager.TestPositionHistory" name="test_get_position_history" time="0.144" /><testcase classname="backend.tests.test_position_manager.TestCleanup" name="test_cleanup_test_positions" time="0.196" /></testsuite></testsuites>