<?xml version="1.0" encoding="utf-8"?><testsuites name="pytest tests"><testsuite name="pytest" errors="0" failures="0" skipped="0" tests="8" time="35.669" timestamp="2026-04-07T22:26:06.347803+00:00" hostname="agent-env-7f5bb1fd-f9b8-40a1-a785-81245f2dfa8f"><testcase classname="backend.tests.test_cache_optimization.TestCacheOptimization" name="test_01_analyze_returns_complete_data" time="31.886" /><testcase classname="backend.tests.test_cache_optimization.TestCacheOptimization" name="test_02_analyze_cache_hit" time="0.267" /><testcase classname="backend.tests.test_cache_optimization.TestCacheOptimization" name="test_03_ofi_returns_fast_slow" time="2.760" /><testcase classname="backend.tests.test_cache_optimization.TestCacheOptimization" name="test_04_session_vps_returns_prev_day_vp" time="0.129" /><testcase classname="backend.tests.test_cache_optimization.TestCacheOptimization" name="test_05_vp_d1_cache_persistence" time="0.170" /><testcase classname="backend.tests.test_cache_optimization.TestCacheOptimization" name="test_06_macro_data_in_analyze" time="0.000" /><testcase classname="backend.tests.test_cache_optimization.TestOFISessionAwareCache" name="test_ofi_cache_behavior" time="0.222" /><testcase classname="backend.tests.test_cache_optimization.TestBackendLogs" name="test_no_macro_ttl_errors" time="0.153" /></testsuite></testsuites>