<?xml version="1.0" encoding="utf-8"?><testsuites name="pytest tests"><testsuite name="pytest" errors="0" failures="0" skipped="0" tests="16" time="2.654" timestamp="2026-04-05T20:13:49.715514+00:00" hostname="agent-env-7f5bb1fd-f9b8-40a1-a785-81245f2dfa8f"><testcase classname="tests.test_gamma_fallback.TestGammaFallbackLiveAPI" name="test_v3_signal_has_fallback_fields" time="0.281" /><testcase classname="tests.test_gamma_fallback.TestGammaFallbackLiveAPI" name="test_real_gamma_no_penalty" time="0.238" /><testcase classname="tests.test_gamma_fallback.TestGammaFallbackLiveAPI" name="test_context_gamma_levels_futures_converted" time="0.232" /><testcase classname="tests.test_gamma_fallback.TestGammaFallbackLiveAPI" name="test_n1_score_breakdown_gamma_format" time="0.225" /><testcase classname="tests.test_gamma_fallback.TestGammaFallbackUnitTests" name="test_transicao_fallback_lot_halved" time="1.369" /><testcase classname="tests.test_gamma_fallback.TestGammaFallbackUnitTests" name="test_capitulacao_fallback_lot_halved" time="0.000" /><testcase classname="tests.test_gamma_fallback.TestGammaFallbackUnitTests" name="test_bull_fallback_no_penalty" time="0.000" /><testcase classname="tests.test_gamma_fallback.TestGammaFallbackUnitTests" name="test_bear_fallback_no_penalty" time="0.000" /><testcase classname="tests.test_gamma_fallback.TestGammaFallbackUnitTests" name="test_complacencia_fallback_no_penalty" time="0.000" /><testcase classname="tests.test_gamma_fallback.TestGammaFallbackUnitTests" name="test_real_gamma_transicao_no_penalty" time="0.000" /><testcase classname="tests.test_gamma_fallback.TestGammaFallbackUnitTests" name="test_real_gamma_capitulacao_no_penalty" time="0.000" /><testcase classname="tests.test_gamma_fallback.TestGammaFallbackN3Blocking" name="test_n3_signal_structure" time="0.237" /><testcase classname="tests.test_gamma_fallback.TestGammaFallbackN3Blocking" name="test_n3_fallback_blocking_code_exists" time="0.001" /><testcase classname="tests.test_gamma_fallback.TestGammaSourceDetection" name="test_price_estimated_source_triggers_fallback" time="0.000" /><testcase classname="tests.test_gamma_fallback.TestGammaSourceDetection" name="test_yfinance_source_no_fallback" time="0.000" /><testcase classname="tests.test_gamma_fallback.TestGammaSourceDetection" name="test_yfinance_options_source_no_fallback" time="0.000" /></testsuite></testsuites>