<?xml version="1.0" encoding="utf-8"?><testsuites name="pytest tests"><testsuite name="pytest" errors="0" failures="0" skipped="0" tests="9" time="1.862" timestamp="2026-04-07T00:52:30.289133+00:00" hostname="agent-env-7f5bb1fd-f9b8-40a1-a785-81245f2dfa8f"><testcase classname="backend.tests.test_export_endpoints.TestReplayExport" name="test_replay_export_csv" time="0.668" /><testcase classname="backend.tests.test_export_endpoints.TestReplayExport" name="test_replay_export_xlsx" time="0.225" /><testcase classname="backend.tests.test_export_endpoints.TestReplayExport" name="test_replay_export_invalid_run_id" time="0.144" /><testcase classname="backend.tests.test_export_endpoints.TestJournalExport" name="test_journal_export_csv" time="0.133" /><testcase classname="backend.tests.test_export_endpoints.TestJournalExport" name="test_journal_export_xlsx" time="0.133" /><testcase classname="backend.tests.test_export_endpoints.TestJournalExport" name="test_journal_export_csv_with_symbol_filter" time="0.106" /><testcase classname="backend.tests.test_export_endpoints.TestJournalExport" name="test_journal_export_xlsx_with_status_filter" time="0.128" /><testcase classname="backend.tests.test_export_endpoints.TestExportEndpointsAvailability" name="test_replay_runs_list" time="0.107" /><testcase classname="backend.tests.test_export_endpoints.TestExportEndpointsAvailability" name="test_journal_positions_available" time="0.110" /></testsuite></testsuites>