<?xml version="1.0" encoding="utf-8"?><testsuites name="pytest tests"><testsuite name="pytest" errors="0" failures="0" skipped="0" tests="14" time="17.309" timestamp="2026-04-05T21:02:28.680244+00:00" hostname="agent-env-7f5bb1fd-f9b8-40a1-a785-81245f2dfa8f"><testcase classname="backend.tests.test_trading_calendar.TestTradingCalendarSession" name="test_session_returns_required_fields" time="14.825" /><testcase classname="backend.tests.test_trading_calendar.TestTradingCalendarSession" name="test_session_weekend_detection" time="0.198" /><testcase classname="backend.tests.test_trading_calendar.TestTradingCalendarSession" name="test_session_dst_field" time="0.144" /><testcase classname="backend.tests.test_trading_calendar.TestTradingCalendarSession" name="test_session_next_session" time="0.113" /><testcase classname="backend.tests.test_trading_calendar.TestTradingCalendarStatus" name="test_status_returns_required_fields" time="0.316" /><testcase classname="backend.tests.test_trading_calendar.TestTradingCalendarStatus" name="test_status_weekend_closed" time="0.294" /><testcase classname="backend.tests.test_trading_calendar.TestTradingCalendarStatus" name="test_status_config_fields" time="0.261" /><testcase classname="backend.tests.test_trading_calendar.TestTradingCalendarNews" name="test_news_returns_required_fields" time="0.256" /><testcase classname="backend.tests.test_trading_calendar.TestTradingCalendarNews" name="test_news_config_fields" time="0.299" /><testcase classname="backend.tests.test_trading_calendar.TestFlattenAll" name="test_flatten_all_returns_required_fields" time="0.114" /><testcase classname="backend.tests.test_trading_calendar.TestFlattenAll" name="test_flatten_all_with_reason" time="0.107" /><testcase classname="backend.tests.test_trading_calendar.TestAutoTradingConfig" name="test_config_returns_new_fields" time="0.108" /><testcase classname="backend.tests.test_trading_calendar.TestAutoTradingExecuteWeekend" name="test_execute_returns_outside_hours_on_weekend" time="0.108" /><testcase classname="backend.tests.test_trading_calendar.TestAutoTradingState" name="test_state_returns_required_fields" time="0.100" /></testsuite></testsuites>