<?xml version="1.0" encoding="utf-8"?><testsuites name="pytest tests"><testsuite name="pytest" errors="0" failures="0" skipped="0" tests="12" time="25.002" timestamp="2026-04-05T13:25:46.202039+00:00" hostname="agent-env-7f5bb1fd-f9b8-40a1-a785-81245f2dfa8f"><testcase classname="backend.tests.test_v3_execute.TestV3ExecuteEndpoint" name="test_execute_with_force_returns_paper_executed" time="14.149" /><testcase classname="backend.tests.test_v3_execute.TestV3ExecuteEndpoint" name="test_execute_force_v3_order_contains_required_fields" time="0.291" /><testcase classname="backend.tests.test_v3_execute.TestV3ExecuteEndpoint" name="test_execute_without_force_when_wait_returns_waiting" time="0.484" /><testcase classname="backend.tests.test_v3_execute.TestV3ExecuteEndpoint" name="test_execute_force_inserts_order_in_mongodb" time="0.392" /><testcase classname="backend.tests.test_v3_execute.TestV3ExecuteEndpoint" name="test_execute_invalid_symbol_returns_404" time="0.140" /><testcase classname="backend.tests.test_v3_execute.TestV3OrdersEndpoint" name="test_get_orders_returns_list" time="0.109" /><testcase classname="backend.tests.test_v3_execute.TestV3OrdersEndpoint" name="test_get_orders_count_after_executing" time="7.988" /><testcase classname="backend.tests.test_v3_execute.TestV3OrdersStatsEndpoint" name="test_get_orders_stats_returns_grouped_by_regime" time="0.104" /><testcase classname="backend.tests.test_v3_execute.TestV3QuantityCalculation" name="test_quantity_calculation_mes_regimes" time="0.231" /><testcase classname="backend.tests.test_v3_execute.TestV3QuantityCalculation" name="test_quantity_calculation_mnq_regimes" time="0.239" /><testcase classname="backend.tests.test_v3_execute.TestV3TradeSymbolMapping" name="test_trade_symbol_matches_regime_config" time="0.266" /><testcase classname="backend.tests.test_v3_execute.TestV3ExecutePerformance" name="test_warm_cache_execute_time" time="0.522" /></testsuite></testsuites>