<?xml version="1.0" encoding="utf-8"?><testsuites name="pytest tests"><testsuite name="pytest" errors="0" failures="0" skipped="0" tests="11" time="32.399" timestamp="2026-04-05T20:00:09.879293+00:00" hostname="agent-env-7f5bb1fd-f9b8-40a1-a785-81245f2dfa8f"><testcase classname="backend.tests.test_etf_futures_conversion.TestETFFuturesConversion" name="test_v3_signal_mnq_context_has_futures_gamma_levels" time="9.239" /><testcase classname="backend.tests.test_etf_futures_conversion.TestETFFuturesConversion" name="test_v3_signal_mnq_context_gamma_nested_equals_root" time="15.740" /><testcase classname="backend.tests.test_etf_futures_conversion.TestETFFuturesConversion" name="test_v3_signal_mes_context_has_futures_gamma_levels" time="0.304" /><testcase classname="backend.tests.test_etf_futures_conversion.TestETFFuturesConversion" name="test_analyze_mnq_real_gamma_has_futures_fields" time="5.290" /><testcase classname="backend.tests.test_etf_futures_conversion.TestETFFuturesConversion" name="test_analyze_mnq_futures_ratio_greater_than_30" time="0.301" /><testcase classname="backend.tests.test_etf_futures_conversion.TestETFFuturesConversion" name="test_analyze_mnq_spot_price_vs_futures_levels" time="0.258" /><testcase classname="backend.tests.test_etf_futures_conversion.TestETFFuturesConversion" name="test_v3_signal_n1_gamma_scoring_format" time="0.222" /><testcase classname="backend.tests.test_etf_futures_conversion.TestETFFuturesConversion" name="test_v3_signal_n1_macro_score_and_regime" time="0.234" /><testcase classname="backend.tests.test_etf_futures_conversion.TestETFFuturesConversion" name="test_analyze_mes_futures_ratio_greater_than_8" time="0.245" /><testcase classname="backend.tests.test_etf_futures_conversion.TestETFFuturesConversion" name="test_v3_signal_context_current_price_is_futures" time="0.232" /><testcase classname="backend.tests.test_etf_futures_conversion.TestPositionEvaluateUsesConvertedGamma" name="test_positions_evaluate_uses_futures_gamma" time="0.249" /></testsuite></testsuites>