<?xml version="1.0" encoding="utf-8"?><testsuites name="pytest tests"><testsuite name="pytest" errors="0" failures="1" skipped="0" tests="7" time="77.793" timestamp="2026-04-06T21:51:00.650495+00:00" hostname="agent-env-7f5bb1fd-f9b8-40a1-a785-81245f2dfa8f"><testcase classname="backend.tests.test_feed_health.TestFeedHealthEndpoints" name="test_get_feed_health_current_state" time="10.969" /><testcase classname="backend.tests.test_feed_health.TestFeedHealthEndpoints" name="test_get_feed_health_report_mnq" time="1.670" /><testcase classname="backend.tests.test_feed_health.TestFeedHealthEndpoints" name="test_get_feed_health_report_mes" time="0.129" /><testcase classname="backend.tests.test_feed_health.TestCMEScheduleLogic" name="test_feed_health_during_maintenance_window" time="0.109" /><testcase classname="backend.tests.test_feed_health.TestCMEScheduleLogic" name="test_feed_health_weekend_detection" time="4.393" /><testcase classname="backend.tests.test_feed_health.TestFeedHealthInSignalEndpoint" name="test_signal_includes_feed_health" time="60.186"><failure message="AssertionError: Expected 200, got 502: The preview environment is not responding. It may be starting up.&#10;  &#10;assert 502 == 200&#10; +  where 502 = &lt;Response [502]&gt;.status_code">backend/tests/test_feed_health.py:184: in test_signal_includes_feed_health
    assert response.status_code == 200, f"Expected 200, got {response.status_code}: {response.text}"
E   AssertionError: Expected 200, got 502: The preview environment is not responding. It may be starting up.
E     
E   assert 502 == 200
E    +  where 502 = &lt;Response [502]&gt;.status_code</failure></testcase><testcase classname="backend.tests.test_feed_health.TestFeedHealthMonitorPersistence" name="test_report_has_data_after_server_running" time="0.230" /></testsuite></testsuites>