<?xml version="1.0" encoding="utf-8"?><testsuites name="pytest tests"><testsuite name="pytest" errors="0" failures="0" skipped="0" tests="10" time="31.944" timestamp="2026-04-06T02:18:43.408028+00:00" hostname="agent-env-7f5bb1fd-f9b8-40a1-a785-81245f2dfa8f"><testcase classname="backend.tests.test_auth.Test01AuthMe" name="test_auth_me_without_auth_returns_401" time="0.164" /><testcase classname="backend.tests.test_auth.Test01AuthMe" name="test_auth_me_with_valid_bearer_token_returns_200" time="0.115" /><testcase classname="backend.tests.test_auth.Test01AuthMe" name="test_auth_me_with_valid_cookie_returns_200" time="0.164" /><testcase classname="backend.tests.test_auth.Test01AuthMe" name="test_auth_me_with_invalid_token_returns_401" time="0.111" /><testcase classname="backend.tests.test_auth.Test02AuthSession" name="test_session_without_session_id_returns_400" time="0.101" /><testcase classname="backend.tests.test_auth.Test02AuthSession" name="test_session_with_invalid_session_id_returns_401" time="0.223" /><testcase classname="backend.tests.test_auth.Test03Whitelist" name="test_whitelist_only_allows_bruno_caiado" time="0.125" /><testcase classname="backend.tests.test_auth.Test04ProtectedEndpoints" name="test_v3_signal_without_auth_still_works" time="30.528" /><testcase classname="backend.tests.test_auth.Test99AuthLogout" name="test_logout_without_session_returns_200" time="0.232" /><testcase classname="backend.tests.test_auth.Test99AuthLogout" name="test_logout_with_session_returns_200" time="0.111" /></testsuite></testsuites>