<?xml version="1.0" encoding="utf-8"?><testsuites name="pytest tests"><testsuite name="pytest" errors="0" failures="0" skipped="0" tests="16" time="20.622" timestamp="2026-04-04T21:00:42.828959+00:00" hostname="agent-env-7f5bb1fd-f9b8-40a1-a785-81245f2dfa8f"><testcase classname="backend.tests.test_treasury.TestTreasuryEndpoint" name="test_treasury_endpoint_returns_200" time="5.724" /><testcase classname="backend.tests.test_treasury.TestTreasuryEndpoint" name="test_treasury_has_required_fields" time="0.145" /><testcase classname="backend.tests.test_treasury.TestTreasuryEndpoint" name="test_treasury_us10y_positive" time="0.106" /><testcase classname="backend.tests.test_treasury.TestTreasuryEndpoint" name="test_treasury_us30y_positive" time="0.099" /><testcase classname="backend.tests.test_treasury.TestTreasuryEndpoint" name="test_treasury_spread_calculation" time="0.101" /><testcase classname="backend.tests.test_treasury.TestTreasuryEndpoint" name="test_treasury_curve_state_valid" time="0.109" /><testcase classname="backend.tests.test_treasury.TestTreasuryEndpoint" name="test_treasury_has_change_fields" time="0.124" /><testcase classname="backend.tests.test_treasury.TestTreasuryEndpoint" name="test_treasury_has_month_stats" time="0.102" /><testcase classname="backend.tests.test_treasury.TestAnalyzeEndpointTreasury" name="test_analyze_mnq_includes_treasury" time="12.566" /><testcase classname="backend.tests.test_treasury.TestAnalyzeEndpointTreasury" name="test_analyze_mes_includes_treasury" time="0.806" /><testcase classname="backend.tests.test_treasury.TestVolatilityEndpointTreasury" name="test_volatility_mes_includes_treasury" time="0.106" /><testcase classname="backend.tests.test_treasury.TestVolatilityEndpointTreasury" name="test_volatility_mnq_includes_treasury" time="0.106" /><testcase classname="backend.tests.test_treasury.TestTreasuryDataIntegrity" name="test_treasury_signal_valid" time="0.124" /><testcase classname="backend.tests.test_treasury.TestTreasuryDataIntegrity" name="test_treasury_score_in_range" time="0.129" /><testcase classname="backend.tests.test_treasury.TestTreasuryDataIntegrity" name="test_treasury_source_is_yahoo" time="0.103" /><testcase classname="backend.tests.test_treasury.TestTreasuryDataIntegrity" name="test_treasury_has_timestamp" time="0.108" /></testsuite></testsuites>