<?xml version="1.0" encoding="utf-8"?><testsuites name="pytest tests"><testsuite name="pytest" errors="0" failures="0" skipped="0" tests="12" time="25.204" timestamp="2026-04-05T20:28:06.641312+00:00" hostname="agent-env-7f5bb1fd-f9b8-40a1-a785-81245f2dfa8f"><testcase classname="backend.tests.test_d1_gamma_ratio.TestGammaRatioEndpoint" name="test_mnq_ratio_returns_valid_structure" time="0.159" /><testcase classname="backend.tests.test_d1_gamma_ratio.TestGammaRatioEndpoint" name="test_mes_ratio_returns_valid_structure" time="0.124" /><testcase classname="backend.tests.test_d1_gamma_ratio.TestGammaRatioEndpoint" name="test_d1_close_has_futures_and_etf_prices" time="0.116" /><testcase classname="backend.tests.test_d1_gamma_ratio.TestGammaRatioEndpoint" name="test_is_roll_period_false_in_april" time="0.117" /><testcase classname="backend.tests.test_d1_gamma_ratio.TestGammaRatioEndpoint" name="test_caching_second_call_fast" time="0.231" /><testcase classname="backend.tests.test_d1_gamma_ratio.TestV3SignalGammaRatio" name="test_nivel_1_contains_gamma_ratio_fields" time="13.228" /><testcase classname="backend.tests.test_d1_gamma_ratio.TestV3SignalGammaRatio" name="test_nivel_1_contains_fallback_fields" time="9.310" /><testcase classname="backend.tests.test_d1_gamma_ratio.TestV3SignalGammaRatio" name="test_context_contains_gamma_walls" time="0.566" /><testcase classname="backend.tests.test_d1_gamma_ratio.TestV3SignalGammaRatio" name="test_mes_signal_also_has_gamma_ratio" time="0.525" /><testcase classname="backend.tests.test_d1_gamma_ratio.TestRollPeriodDetection" name="test_april_is_not_roll_period" time="0.107" /><testcase classname="backend.tests.test_d1_gamma_ratio.TestRollPeriodDetection" name="test_roll_period_in_nivel_1" time="0.531" /><testcase classname="backend.tests.test_d1_gamma_ratio.TestMongoDBCaching" name="test_ratio_stored_in_mongodb" time="0.106" /></testsuite></testsuites>