<?xml version="1.0" encoding="utf-8"?><testsuites name="pytest tests"><testsuite name="pytest" errors="0" failures="0" skipped="0" tests="14" time="14.257" timestamp="2026-04-06T21:06:41.886636+00:00" hostname="agent-env-7f5bb1fd-f9b8-40a1-a785-81245f2dfa8f"><testcase classname="backend.tests.test_dynamic_hud_roles.TestVWAPSource" name="test_vwap_source_is_session_ny" time="12.172" /><testcase classname="backend.tests.test_dynamic_hud_roles.TestVWAPSource" name="test_vwap_bands_present" time="0.413" /><testcase classname="backend.tests.test_dynamic_hud_roles.TestN3OvernightFix" name="test_capitulacao_not_in_overnight_fading" time="0.001" /><testcase classname="backend.tests.test_dynamic_hud_roles.TestRegimeSignal" name="test_nivel_1_regime" time="0.402" /><testcase classname="backend.tests.test_dynamic_hud_roles.TestRegimeSignal" name="test_nivel_2_passed" time="0.403" /><testcase classname="backend.tests.test_dynamic_hud_roles.TestRegimeSignal" name="test_nivel_3_action" time="0.378" /><testcase classname="backend.tests.test_dynamic_hud_roles.TestOvernightInventory" name="test_overnight_inventory_structure" time="0.406" /><testcase classname="backend.tests.test_dynamic_hud_roles.TestN2ValidationLevels" name="test_bull_has_3_validation_levels" time="0.000" /><testcase classname="backend.tests.test_dynamic_hud_roles.TestN2ValidationLevels" name="test_capitulacao_has_4_validation_levels" time="0.000" /><testcase classname="backend.tests.test_dynamic_hud_roles.TestN3TargetLevels" name="test_bull_target_is_call_wall" time="0.000" /><testcase classname="backend.tests.test_dynamic_hud_roles.TestN3TargetLevels" name="test_complacencia_has_no_targets" time="0.000" /><testcase classname="backend.tests.test_dynamic_hud_roles.TestRegimeVisibility" name="test_bull_visibility" time="0.000" /><testcase classname="backend.tests.test_dynamic_hud_roles.TestRegimeVisibility" name="test_capitulacao_visibility" time="0.000" /><testcase classname="backend.tests.test_dynamic_hud_roles.TestRegimeVisibility" name="test_bull_has_6_visible_families" time="0.000" /></testsuite></testsuites>