<?xml version="1.0" encoding="utf-8"?><testsuites name="pytest tests"><testsuite name="pytest" errors="0" failures="0" skipped="0" tests="12" time="17.720" timestamp="2026-04-05T13:13:47.694301+00:00" hostname="agent-env-7f5bb1fd-f9b8-40a1-a785-81245f2dfa8f"><testcase classname="backend.tests.test_v3_signal.TestV3SignalEndpoint" name="test_v3_signal_mnq_returns_valid_json" time="8.103" /><testcase classname="backend.tests.test_v3_signal.TestV3SignalEndpoint" name="test_v3_signal_nivel_1_structure" time="0.265" /><testcase classname="backend.tests.test_v3_signal.TestV3SignalEndpoint" name="test_v3_signal_nivel_2_structure" time="0.228" /><testcase classname="backend.tests.test_v3_signal.TestV3SignalEndpoint" name="test_v3_signal_nivel_3_structure" time="0.220" /><testcase classname="backend.tests.test_v3_signal.TestV3SignalEndpoint" name="test_v3_status_valid_values" time="0.228" /><testcase classname="backend.tests.test_v3_signal.TestV3SignalEndpoint" name="test_v3_signal_mes_returns_valid_data" time="7.348" /><testcase classname="backend.tests.test_v3_signal.TestV3SignalEndpoint" name="test_v3_signal_context_vwap_bands" time="0.265" /><testcase classname="backend.tests.test_v3_signal.TestV3RegimesEndpoint" name="test_v3_regimes_returns_5_configs" time="0.102" /><testcase classname="backend.tests.test_v3_signal.TestV3RegimesEndpoint" name="test_v3_regimes_config_structure" time="0.098" /><testcase classname="backend.tests.test_v3_signal.TestV3WarmCache" name="test_warm_cache_second_call_fast" time="0.442" /><testcase classname="backend.tests.test_v3_signal.TestAnalyzeVWAPBands" name="test_analyze_includes_vwap_3sigma_bands" time="0.223" /><testcase classname="backend.tests.test_v3_signal.TestV3InvalidSymbol" name="test_v3_signal_invalid_symbol_returns_404" time="0.107" /></testsuite></testsuites>