<?xml version="1.0" encoding="utf-8"?><testsuites name="pytest tests"><testsuite name="pytest" errors="0" failures="0" skipped="0" tests="39" time="47.989" timestamp="2026-04-06T17:55:00.764034+00:00" hostname="agent-env-7f5bb1fd-f9b8-40a1-a785-81245f2dfa8f"><testcase classname="tests.test_data_quality.TestLKGStore" name="test_update_stores_live_data" time="0.000" /><testcase classname="tests.test_data_quality.TestLKGStore" name="test_get_returns_live_within_ttl" time="0.000" /><testcase classname="tests.test_data_quality.TestLKGStore" name="test_get_returns_stale_past_ttl" time="0.000" /><testcase classname="tests.test_data_quality.TestLKGStore" name="test_get_returns_fallback_when_no_data" time="0.000" /><testcase classname="tests.test_data_quality.TestLKGStore" name="test_fallback_values_are_deterministic" time="0.000" /><testcase classname="tests.test_data_quality.TestLKGStore" name="test_all_sources_have_static_fallbacks" time="0.000" /><testcase classname="tests.test_data_quality.TestCircuitBreaker" name="test_initial_state_is_closed" time="0.000" /><testcase classname="tests.test_data_quality.TestCircuitBreaker" name="test_three_failures_opens_breaker" time="0.000" /><testcase classname="tests.test_data_quality.TestCircuitBreaker" name="test_open_breaker_skips_calls" time="0.000" /><testcase classname="tests.test_data_quality.TestCircuitBreaker" name="test_recovery_timeout_transitions_to_half_open" time="0.150" /><testcase classname="tests.test_data_quality.TestCircuitBreaker" name="test_half_open_allows_one_test_call" time="0.151" /><testcase classname="tests.test_data_quality.TestCircuitBreaker" name="test_success_in_half_open_closes_breaker" time="0.151" /><testcase classname="tests.test_data_quality.TestCircuitBreaker" name="test_failure_in_half_open_reopens_breaker" time="0.151" /><testcase classname="tests.test_data_quality.TestCircuitBreakerRegistry" name="test_registry_creates_breakers_on_demand" time="0.000" /><testcase classname="tests.test_data_quality.TestCircuitBreakerRegistry" name="test_registry_returns_same_breaker" time="0.000" /><testcase classname="tests.test_data_quality.TestCircuitBreakerRegistry" name="test_get_all_status" time="0.000" /><testcase classname="tests.test_data_quality.TestDataEpochManager" name="test_seal_epoch_creates_immutable_snapshot" time="0.000" /><testcase classname="tests.test_data_quality.TestDataEpochManager" name="test_epoch_manager_current_returns_last_sealed" time="0.000" /><testcase classname="tests.test_data_quality.TestDataEpochManager" name="test_epoch_includes_confidence_map" time="0.000" /><testcase classname="tests.test_data_quality.TestDataEpochManager" name="test_epoch_computes_dqs" time="0.000" /><testcase classname="tests.test_data_quality.TestDQSStepFunction" name="test_all_live_dqs_is_1" time="0.000" /><testcase classname="tests.test_data_quality.TestDQSStepFunction" name="test_all_live_lot_unchanged" time="0.000" /><testcase classname="tests.test_data_quality.TestDQSStepFunction" name="test_stale_sources_reduce_dqs" time="0.000" /><testcase classname="tests.test_data_quality.TestDQSStepFunction" name="test_stale_triggers_defensive_mode" time="0.000" /><testcase classname="tests.test_data_quality.TestDQSStepFunction" name="test_fallback_sources_reduce_dqs_significantly" time="0.000" /><testcase classname="tests.test_data_quality.TestDQSStepFunction" name="test_low_dqs_triggers_hard_stop" time="0.000" /><testcase classname="tests.test_data_quality.TestDQSStepFunction" name="test_dqs_weights_are_correct" time="0.000" /><testcase classname="tests.test_data_quality.TestDQSStepFunction" name="test_confidence_multipliers_are_correct" time="0.000" /><testcase classname="tests.test_data_quality.TestDataQualityAPI" name="test_data_quality_endpoint_returns_200" time="0.199" /><testcase classname="tests.test_data_quality.TestDataQualityAPI" name="test_data_quality_returns_epoch_status" time="0.190" /><testcase classname="tests.test_data_quality.TestDataQualityAPI" name="test_data_quality_returns_lkg_keys" time="0.215" /><testcase classname="tests.test_data_quality.TestDataQualityAPI" name="test_data_quality_returns_circuit_breakers" time="0.118" /><testcase classname="tests.test_data_quality.TestV3SignalDataQuality" name="test_v3_signal_returns_data_quality_object" time="44.614" /><testcase classname="tests.test_data_quality.TestV3SignalDataQuality" name="test_v3_signal_confidence_map_has_all_sources" time="1.147" /><testcase classname="tests.test_data_quality.TestV3SignalDataQuality" name="test_v3_signal_dqs_action_values" time="0.386" /><testcase classname="tests.test_data_quality.TestV3SignalDataQuality" name="test_v3_signal_nivel1_includes_dqs" time="0.393" /><testcase classname="tests.test_data_quality.TestDataValidation" name="test_validate_vix_in_range" time="0.000" /><testcase classname="tests.test_data_quality.TestDataValidation" name="test_validate_vix_out_of_range" time="0.000" /><testcase classname="tests.test_data_quality.TestDataValidation" name="test_validate_treasury_spread" time="0.000" /></testsuite></testsuites>