<?xml version="1.0" encoding="utf-8"?><testsuites name="pytest tests"><testsuite name="pytest" errors="0" failures="0" skipped="0" tests="22" time="46.176" timestamp="2026-04-05T12:51:03.020579+00:00" hostname="agent-env-7f5bb1fd-f9b8-40a1-a785-81245f2dfa8f"><testcase classname="backend.tests.test_phase1_optimization.TestAnalyzeEndpoint" name="test_analyze_returns_all_required_keys" time="0.316" /><testcase classname="backend.tests.test_phase1_optimization.TestAnalyzeEndpoint" name="test_analyze_data_sources_vix" time="0.227" /><testcase classname="backend.tests.test_phase1_optimization.TestAnalyzeEndpoint" name="test_analyze_data_sources_vxn" time="0.238" /><testcase classname="backend.tests.test_phase1_optimization.TestAnalyzeEndpoint" name="test_analyze_data_sources_gamma" time="0.281" /><testcase classname="backend.tests.test_phase1_optimization.TestAnalyzeEndpoint" name="test_analyze_data_sources_term_structure" time="0.296" /><testcase classname="backend.tests.test_phase1_optimization.TestAnalyzeEndpoint" name="test_analyze_data_sources_treasury" time="0.240" /><testcase classname="backend.tests.test_phase1_optimization.TestAnalyzeEndpoint" name="test_analyze_warm_cache_response_time" time="0.485" /><testcase classname="backend.tests.test_phase1_optimization.TestMarketDataEndpoint" name="test_market_data_returns_data" time="0.114" /><testcase classname="backend.tests.test_phase1_optimization.TestMarketDataEndpoint" name="test_market_data_ohlcv_cache" time="0.289" /><testcase classname="backend.tests.test_phase1_optimization.TestAllSymbols" name="test_market_data_all_symbols[MNQ]" time="0.114" /><testcase classname="backend.tests.test_phase1_optimization.TestAllSymbols" name="test_market_data_all_symbols[MES]" time="0.138" /><testcase classname="backend.tests.test_phase1_optimization.TestAllSymbols" name="test_market_data_all_symbols[MYM]" time="2.400" /><testcase classname="backend.tests.test_phase1_optimization.TestAllSymbols" name="test_market_data_all_symbols[M2K]" time="3.100" /><testcase classname="backend.tests.test_phase1_optimization.TestAllSymbols" name="test_analyze_all_symbols[MNQ]" time="0.239" /><testcase classname="backend.tests.test_phase1_optimization.TestAllSymbols" name="test_analyze_all_symbols[MES]" time="0.233" /><testcase classname="backend.tests.test_phase1_optimization.TestAllSymbols" name="test_analyze_all_symbols[MYM]" time="25.557" /><testcase classname="backend.tests.test_phase1_optimization.TestAllSymbols" name="test_analyze_all_symbols[M2K]" time="10.981" /><testcase classname="backend.tests.test_phase1_optimization.TestAutoTradingPaperOrder" name="test_autotrading_toggle_paper_mode" time="0.233" /><testcase classname="backend.tests.test_phase1_optimization.TestAutoTradingPaperOrder" name="test_autotrading_evaluate" time="0.120" /><testcase classname="backend.tests.test_phase1_optimization.TestAutoTradingPaperOrder" name="test_get_paper_orders" time="0.111" /><testcase classname="backend.tests.test_phase1_optimization.TestWeekendHandling" name="test_analyze_weekend_graceful" time="0.270" /><testcase classname="backend.tests.test_phase1_optimization.TestSignalsEndpoint" name="test_signals_endpoint" time="0.125" /></testsuite></testsuites>