<?xml version="1.0" encoding="utf-8"?><testsuites name="pytest tests"><testsuite name="pytest" errors="0" failures="0" skipped="0" tests="23" time="30.363" timestamp="2026-04-05T22:43:39.375697+00:00" hostname="agent-env-7f5bb1fd-f9b8-40a1-a785-81245f2dfa8f"><testcase classname="tests.test_v3_adjustments.TestPositionManagerSLMultipliers" name="test_fade_sl_multiplier_is_1_0" time="0.001" /><testcase classname="tests.test_v3_adjustments.TestPositionManagerSLMultipliers" name="test_trend_sl_multiplier_is_1_5" time="0.000" /><testcase classname="tests.test_v3_adjustments.TestPositionManagerSLMultipliers" name="test_range_sl_multiplier_is_0_5" time="0.000" /><testcase classname="tests.test_v3_adjustments.TestTrendScaleOut" name="test_trend_returns_scale_out_config" time="0.000" /><testcase classname="tests.test_v3_adjustments.TestTrendScaleOut" name="test_trend_scale_out_trigger_price_calculation" time="0.000" /><testcase classname="tests.test_v3_adjustments.TestTrendScaleOut" name="test_trend_scale_out_trigger_price_sell" time="0.000" /><testcase classname="tests.test_v3_adjustments.TestTrendScaleOut" name="test_range_has_no_scale_out" time="0.000" /><testcase classname="tests.test_v3_adjustments.TestTrendScaleOut" name="test_fade_has_no_scale_out" time="0.000" /><testcase classname="tests.test_v3_adjustments.TestSignalStackSymbols" name="test_signalstack_symbols_only_mnq_mes" time="0.177" /><testcase classname="tests.test_v3_adjustments.TestSignalStackSymbols" name="test_signalstack_symbols_tradovate_format" time="0.116" /><testcase classname="tests.test_v3_adjustments.TestN3WatcherStatus" name="test_n3_watcher_status_endpoint" time="0.110" /><testcase classname="tests.test_v3_adjustments.TestN3WatcherStatus" name="test_n3_watcher_not_armed_on_weekend" time="2.089" /><testcase classname="tests.test_v3_adjustments.TestSnapshotsRecordNow" name="test_snapshots_record_now_endpoint" time="27.587" /><testcase classname="tests.test_v3_adjustments.TestSnapshotsRecordNow" name="test_snapshots_stats_endpoint" time="0.176" /><testcase classname="tests.test_v3_adjustments.TestOpenPositionWebhooks" name="test_trend_webhooks_count" time="0.000" /><testcase classname="tests.test_v3_adjustments.TestOpenPositionWebhooks" name="test_fade_webhooks_count" time="0.000" /><testcase classname="tests.test_v3_adjustments.TestOpenPositionWebhooks" name="test_range_webhooks_count" time="0.000" /><testcase classname="tests.test_v3_adjustments.TestBuildSignalStackPayload" name="test_scale_out_payload_is_limit_order" time="0.000" /><testcase classname="tests.test_v3_adjustments.TestN3WatcherClass" name="test_n3_watcher_has_mnq_mes_only" time="0.001" /><testcase classname="tests.test_v3_adjustments.TestN3WatcherClass" name="test_n3_watcher_check_and_arm_filters_passed" time="0.001" /><testcase classname="tests.test_v3_adjustments.TestN3WatcherClass" name="test_n3_watcher_check_and_arm_active_signal_disarms" time="0.000" /><testcase classname="tests.test_v3_adjustments.TestN3WatcherClass" name="test_n3_watcher_get_status" time="0.000" /><testcase classname="tests.test_v3_adjustments.TestFadeHardStopCalculation" name="test_fade_hard_stop_uses_1_0_atr" time="0.000" /></testsuite></testsuites>