<?xml version="1.0" encoding="utf-8"?><testsuites name="pytest tests"><testsuite name="pytest" errors="0" failures="0" skipped="0" tests="11" time="2.582" timestamp="2026-04-07T03:37:12.240392+00:00" hostname="agent-env-7f5bb1fd-f9b8-40a1-a785-81245f2dfa8f"><testcase classname="backend.tests.test_d1_dz_zones_and_symbol_switch.TestD1DZZonesBugFix" name="test_mes_v3_signal_has_dz_d1_vah" time="0.252" /><testcase classname="backend.tests.test_d1_dz_zones_and_symbol_switch.TestD1DZZonesBugFix" name="test_mes_v3_signal_has_dz_d1_val" time="0.217" /><testcase classname="backend.tests.test_d1_dz_zones_and_symbol_switch.TestD1DZZonesBugFix" name="test_mes_v3_signal_has_dz_d1_poc" time="0.192" /><testcase classname="backend.tests.test_d1_dz_zones_and_symbol_switch.TestD1DZZonesBugFix" name="test_mes_transicao_border_valid_values" time="0.207" /><testcase classname="backend.tests.test_d1_dz_zones_and_symbol_switch.TestD1DZZonesBugFix" name="test_mes_d1_levels_have_values" time="0.225" /><testcase classname="backend.tests.test_d1_dz_zones_and_symbol_switch.TestD1DZZonesBugFix" name="test_mnq_v3_signal_has_dz_d1_fields" time="0.330" /><testcase classname="backend.tests.test_d1_dz_zones_and_symbol_switch.TestD1DZZonesBugFix" name="test_mes_reason_contains_border_detection" time="0.200" /><testcase classname="backend.tests.test_d1_dz_zones_and_symbol_switch.TestAnalyzeSessionVPs" name="test_analyze_mes_returns_session_vps" time="0.181" /><testcase classname="backend.tests.test_d1_dz_zones_and_symbol_switch.TestPriceRangeValidation" name="test_mes_price_in_expected_range" time="0.190" /><testcase classname="backend.tests.test_d1_dz_zones_and_symbol_switch.TestPriceRangeValidation" name="test_mnq_price_in_expected_range" time="0.304" /><testcase classname="backend.tests.test_d1_dz_zones_and_symbol_switch.TestDZFieldsStructure" name="test_dz_fields_have_all_required_keys" time="0.206" /></testsuite></testsuites>