<?xml version="1.0" encoding="utf-8"?><testsuites name="pytest tests"><testsuite name="pytest" errors="0" failures="0" skipped="0" tests="18" time="27.921" timestamp="2026-04-04T21:38:28.296346+00:00" hostname="agent-env-7f5bb1fd-f9b8-40a1-a785-81245f2dfa8f"><testcase classname="backend.tests.test_tick_volume.TestTickIndex" name="test_tick_index_mnq_returns_200" time="1.199" /><testcase classname="backend.tests.test_tick_volume.TestTickIndex" name="test_tick_index_mnq_has_required_fields" time="0.421" /><testcase classname="backend.tests.test_tick_volume.TestTickIndex" name="test_tick_index_mes_returns_valid_data" time="0.592" /><testcase classname="backend.tests.test_tick_volume.TestTickIndex" name="test_tick_index_invalid_symbol_returns_404" time="0.120" /><testcase classname="backend.tests.test_tick_volume.TestTickIndex" name="test_tick_index_sentiment_is_valid" time="0.379" /><testcase classname="backend.tests.test_tick_volume.TestTickIndex" name="test_tick_index_score_in_range" time="0.348" /><testcase classname="backend.tests.test_tick_volume.TestTickIndex" name="test_tick_index_source_is_valid" time="0.405" /><testcase classname="backend.tests.test_tick_volume.TestVolumeProfile" name="test_volume_profile_mnq_returns_200" time="1.019" /><testcase classname="backend.tests.test_tick_volume.TestVolumeProfile" name="test_volume_profile_mnq_has_required_fields" time="4.432" /><testcase classname="backend.tests.test_tick_volume.TestVolumeProfile" name="test_volume_profile_mes_returns_valid_data" time="1.079" /><testcase classname="backend.tests.test_tick_volume.TestVolumeProfile" name="test_volume_profile_invalid_symbol_returns_404" time="0.102" /><testcase classname="backend.tests.test_tick_volume.TestVolumeProfile" name="test_volume_profile_val_poc_vah_ordering" time="7.235" /><testcase classname="backend.tests.test_tick_volume.TestVolumeProfile" name="test_volume_profile_value_area_pct_approximately_70" time="1.770" /><testcase classname="backend.tests.test_tick_volume.TestVolumeProfile" name="test_volume_profile_position_is_valid" time="0.909" /><testcase classname="backend.tests.test_tick_volume.TestVolumeProfile" name="test_volume_profile_has_histogram_data" time="0.356" /><testcase classname="backend.tests.test_tick_volume.TestAnalyzeEndpoint" name="test_analyze_mnq_returns_tick_index" time="3.850" /><testcase classname="backend.tests.test_tick_volume.TestAnalyzeEndpoint" name="test_analyze_mnq_returns_volume_profile" time="1.616" /><testcase classname="backend.tests.test_tick_volume.TestAnalyzeEndpoint" name="test_analyze_mes_returns_both_features" time="1.998" /></testsuite></testsuites>