<?xml version="1.0" encoding="utf-8"?><testsuites name="pytest tests"><testsuite name="pytest" errors="0" failures="0" skipped="0" tests="32" time="45.913" timestamp="2026-04-06T19:03:02.479490+00:00" hostname="agent-env-7f5bb1fd-f9b8-40a1-a785-81245f2dfa8f"><testcase classname="tests.test_data_quality_p2.TestDeadTTL" name="test_vix_dead_at_6000s" time="0.000" /><testcase classname="tests.test_data_quality_p2.TestDeadTTL" name="test_treasury_dead_at_8000s" time="0.000" /><testcase classname="tests.test_data_quality_p2.TestDeadTTL" name="test_gamma_dead_at_101000s" time="0.000" /><testcase classname="tests.test_data_quality_p2.TestDeadTTL" name="test_four_confidence_levels" time="0.000" /><testcase classname="tests.test_data_quality_p2.TestDeadTTL" name="test_dead_multiplier_is_zero" time="0.000" /><testcase classname="tests.test_data_quality_p2.TestDeadTTL" name="test_dqs_collapses_when_vix_dead" time="0.000" /><testcase classname="tests.test_data_quality_p2.TestDeadTTL" name="test_dqs_collapses_when_two_sources_dead" time="0.000" /><testcase classname="tests.test_data_quality_p2.TestDeadTTL" name="test_ttl_config_values" time="0.000" /><testcase classname="tests.test_data_quality_p2.TestExponentialBackoff" name="test_backoff_constants" time="0.000" /><testcase classname="tests.test_data_quality_p2.TestExponentialBackoff" name="test_half_open_fail_doubles_timeout" time="0.000" /><testcase classname="tests.test_data_quality_p2.TestExponentialBackoff" name="test_consecutive_cycles_double_timeout" time="0.000" /><testcase classname="tests.test_data_quality_p2.TestExponentialBackoff" name="test_success_resets_everything" time="0.000" /><testcase classname="tests.test_data_quality_p2.TestExponentialBackoff" name="test_status_shows_backoff_info" time="0.000" /><testcase classname="tests.test_data_quality_p2.TestMQS" name="test_mqs_thresholds" time="0.000" /><testcase classname="tests.test_data_quality_p2.TestMQS" name="test_mqs_all_pass" time="0.000" /><testcase classname="tests.test_data_quality_p2.TestMQS" name="test_mqs_ws_disconnected" time="0.000" /><testcase classname="tests.test_data_quality_p2.TestMQS" name="test_mqs_buffer_insufficient" time="0.000" /><testcase classname="tests.test_data_quality_p2.TestMQS" name="test_mqs_last_trade_stale" time="0.000" /><testcase classname="tests.test_data_quality_p2.TestMQS" name="test_mqs_multiple_failures" time="0.000" /><testcase classname="tests.test_data_quality_p2.TestMQS" name="test_mqs_partial_score" time="0.000" /><testcase classname="tests.test_data_quality_p2.TestMQS" name="test_mqs_is_ok_method" time="0.000" /><testcase classname="tests.test_data_quality_p2.TestMQS" name="test_mqs_get_status" time="0.000" /><testcase classname="tests.test_data_quality_p2.TestDataQualityAPIv2" name="test_data_quality_shows_ttl_config" time="4.982" /><testcase classname="tests.test_data_quality_p2.TestDataQualityAPIv2" name="test_data_quality_shows_mqs_status" time="3.788" /><testcase classname="tests.test_data_quality_p2.TestDataQualityAPIv2" name="test_circuit_breaker_shows_backoff_info" time="0.143" /><testcase classname="tests.test_data_quality_p2.TestV3SignalMQS" name="test_v3_signal_includes_mqs" time="36.153" /><testcase classname="tests.test_data_quality_p2.TestV3SignalMQS" name="test_v3_status_mqs_freeze" time="0.424" /><testcase classname="tests.test_data_quality_p2.TestP0P1Regression" name="test_lkg_live_stale_fallback_still_work" time="0.000" /><testcase classname="tests.test_data_quality_p2.TestP0P1Regression" name="test_circuit_breaker_states_still_work" time="0.150" /><testcase classname="tests.test_data_quality_p2.TestP0P1Regression" name="test_data_epoch_still_works" time="0.000" /><testcase classname="tests.test_data_quality_p2.TestP0P1Regression" name="test_dqs_step_function_still_works" time="0.000" /><testcase classname="tests.test_data_quality_p2.TestP0P1Regression" name="test_pre_warm_staggered_still_work" time="0.153" /></testsuite></testsuites>