<?xml version="1.0" encoding="utf-8"?><testsuites name="pytest tests"><testsuite name="pytest" errors="0" failures="0" skipped="0" tests="29" time="7.713" timestamp="2026-04-05T18:11:07.981612+00:00" hostname="agent-env-7f5bb1fd-f9b8-40a1-a785-81245f2dfa8f"><testcase classname="backend.tests.test_auto_position_sizing.TestAutoPositionSizingAPI" name="test_evaluate_returns_risk_object" time="0.256" /><testcase classname="backend.tests.test_auto_position_sizing.TestAutoPositionSizingAPI" name="test_max_qty_calculation_formula" time="0.241" /><testcase classname="backend.tests.test_auto_position_sizing.TestAutoPositionSizingAPI" name="test_sl_risk_uses_point_value" time="0.226" /><testcase classname="backend.tests.test_auto_position_sizing.TestAutoPositionSizingAPI" name="test_mes_point_value_is_5" time="0.234" /><testcase classname="backend.tests.test_auto_position_sizing.TestAutoPositionSizingAPI" name="test_point_value_matches_trade_symbol" time="0.228" /><testcase classname="backend.tests.test_auto_position_sizing.TestAutoPositionSizingAPI" name="test_max_qty_at_least_1" time="0.245" /><testcase classname="backend.tests.test_auto_position_sizing.TestAutoPositionSizingAPI" name="test_rr_ratio_calculation" time="0.245" /><testcase classname="backend.tests.test_auto_position_sizing.TestOpenPositionWithAutoQty" name="test_open_position_with_auto_qty" time="0.672" /><testcase classname="backend.tests.test_auto_position_sizing.TestOpenPositionWithAutoQty" name="test_position_quantity_persists" time="0.801" /><testcase classname="backend.tests.test_auto_position_sizing.TestAutoTradingConfigIntegration" name="test_account_size_affects_max_qty" time="0.326" /><testcase classname="backend.tests.test_auto_position_sizing.TestCleanup" name="test_cleanup_test_positions" time="0.232" /><testcase classname="backend.tests.test_position_manager.TestPositionEvaluate" name="test_evaluate_mnq_buy" time="0.239" /><testcase classname="backend.tests.test_position_manager.TestPositionEvaluate" name="test_evaluate_mnq_sell" time="0.228" /><testcase classname="backend.tests.test_position_manager.TestPositionEvaluate" name="test_evaluate_mes_buy" time="0.301" /><testcase classname="backend.tests.test_position_manager.TestPositionEvaluate" name="test_evaluate_invalid_symbol" time="0.099" /><testcase classname="backend.tests.test_position_manager.TestArchetypeParams" name="test_range_archetype_params" time="0.231" /><testcase classname="backend.tests.test_position_manager.TestArchetypeParams" name="test_trend_archetype_params" time="0.276" /><testcase classname="backend.tests.test_position_manager.TestArchetypeParams" name="test_fade_archetype_params" time="0.276" /><testcase classname="backend.tests.test_position_manager.TestPositionOpen" name="test_open_position_with_force" time="0.362" /><testcase classname="backend.tests.test_position_manager.TestPositionOpen" name="test_duplicate_position_protection" time="0.273" /><testcase classname="backend.tests.test_position_manager.TestPositionActive" name="test_get_all_active_positions" time="0.102" /><testcase classname="backend.tests.test_position_manager.TestPositionActive" name="test_get_active_position_for_symbol" time="0.116" /><testcase classname="backend.tests.test_position_manager.TestPositionActive" name="test_get_active_position_nonexistent_symbol" time="0.104" /><testcase classname="backend.tests.test_position_manager.TestPositionUpdateStop" name="test_update_stop_loss" time="0.324" /><testcase classname="backend.tests.test_position_manager.TestPositionUpdateStop" name="test_update_stop_invalid_position" time="0.111" /><testcase classname="backend.tests.test_position_manager.TestPositionClose" name="test_close_position" time="0.334" /><testcase classname="backend.tests.test_position_manager.TestPositionClose" name="test_close_already_closed_position" time="0.239" /><testcase classname="backend.tests.test_position_manager.TestPositionHistory" name="test_get_position_history" time="0.111" /><testcase classname="backend.tests.test_position_manager.TestCleanup" name="test_cleanup_test_positions" time="0.198" /></testsuite></testsuites>