<?xml version="1.0" encoding="utf-8"?><testsuites name="pytest tests"><testsuite name="pytest" errors="0" failures="1" skipped="0" tests="12" time="73.971" timestamp="2026-04-07T22:47:09.284238+00:00" hostname="agent-env-7f5bb1fd-f9b8-40a1-a785-81245f2dfa8f"><testcase classname="backend.tests.test_session_aware_polling.TestTradingCalendarSessionFields" name="test_trading_calendar_status_returns_200" time="9.221" /><testcase classname="backend.tests.test_session_aware_polling.TestTradingCalendarSessionFields" name="test_session_object_exists" time="0.170" /><testcase classname="backend.tests.test_session_aware_polling.TestTradingCalendarSessionFields" name="test_is_cme_halted_field" time="0.139" /><testcase classname="backend.tests.test_session_aware_polling.TestTradingCalendarSessionFields" name="test_cme_session_field" time="0.135" /><testcase classname="backend.tests.test_session_aware_polling.TestTradingCalendarSessionFields" name="test_cme_reason_field" time="0.172" /><testcase classname="backend.tests.test_session_aware_polling.TestTradingCalendarSessionFields" name="test_session_fields_consistency" time="0.119" /><testcase classname="backend.tests.test_session_aware_polling.TestAnalyzeEndpointCaching" name="test_analyze_returns_200" time="60.106"><failure message="AssertionError: Expected 200, got 502&#10;assert 502 == 200&#10; +  where 502 = &lt;Response [502]&gt;.status_code">backend/tests/test_session_aware_polling.py:109: in test_analyze_returns_200
    assert response.status_code == 200, f"Expected 200, got {response.status_code}"
E   AssertionError: Expected 200, got 502
E   assert 502 == 200
E    +  where 502 = &lt;Response [502]&gt;.status_code</failure></testcase><testcase classname="backend.tests.test_session_aware_polling.TestAnalyzeEndpointCaching" name="test_analyze_returns_complete_data" time="2.987" /><testcase classname="backend.tests.test_session_aware_polling.TestAnalyzeEndpointCaching" name="test_analyze_cache_hit_fast" time="0.450" /><testcase classname="backend.tests.test_session_aware_polling.TestBackendCompilation" name="test_health_endpoint" time="0.141" /><testcase classname="backend.tests.test_session_aware_polling.TestBackendCompilation" name="test_no_import_errors_in_logs" time="0.114" /><testcase classname="backend.tests.test_session_aware_polling.TestSessionTypeDetection" name="test_current_session_type" time="0.105" /></testsuite></testsuites>