<?xml version="1.0" encoding="utf-8"?><testsuites name="pytest tests"><testsuite name="pytest" errors="0" failures="0" skipped="0" tests="13" time="4.793" timestamp="2026-04-07T03:18:32.931059+00:00" hostname="agent-env-7f5bb1fd-f9b8-40a1-a785-81245f2dfa8f"><testcase classname="backend.tests.test_live_merge_guardrail.TestAnalyzeLiveMerge" name="test_analyze_returns_live_merge_object" time="0.313" /><testcase classname="backend.tests.test_live_merge_guardrail.TestAnalyzeLiveMerge" name="test_analyze_live_merge_status_ok_when_feed_connected" time="0.183" /><testcase classname="backend.tests.test_live_merge_guardrail.TestAnalyzeLiveMerge" name="test_analyze_live_merge_buffer_age_under_60s_when_ok" time="0.230" /><testcase classname="backend.tests.test_live_merge_guardrail.TestAnalyzeLiveMerge" name="test_analyze_live_merge_candles_added_positive_when_ok" time="0.182" /><testcase classname="backend.tests.test_live_merge_guardrail.TestAnalyzeLiveMerge" name="test_analyze_session_vwaps_globex_has_vwap" time="0.220" /><testcase classname="backend.tests.test_live_merge_guardrail.TestAnalyzeLiveMerge" name="test_analyze_session_vps_has_required_keys" time="0.181" /><testcase classname="backend.tests.test_live_merge_guardrail.TestV3SignalLiveMerge" name="test_v3_signal_returns_live_merge_in_data_quality" time="0.216" /><testcase classname="backend.tests.test_live_merge_guardrail.TestV3SignalLiveMerge" name="test_v3_signal_live_merge_status_field_exists" time="0.211" /><testcase classname="backend.tests.test_live_merge_guardrail.TestV3SignalLiveMerge" name="test_v3_signal_mqs_ok_when_live_merge_ok" time="0.216" /><testcase classname="backend.tests.test_live_merge_guardrail.TestV3SignalLiveMerge" name="test_v3_signal_n3_action_valid" time="0.211" /><testcase classname="backend.tests.test_live_merge_guardrail.TestSessionVwapsCache" name="test_session_vwaps_returns_valid_data" time="0.048" /><testcase classname="backend.tests.test_live_merge_guardrail.TestSessionVwapsCache" name="test_session_vwaps_60s_cache" time="2.108" /><testcase classname="backend.tests.test_live_merge_guardrail.TestLiveMergeGuardrailIntegration" name="test_live_merge_metadata_consistency" time="0.397" /></testsuite></testsuites>