<?xml version="1.0" encoding="utf-8"?><testsuites name="pytest tests"><testsuite name="pytest" errors="0" failures="0" skipped="0" tests="23" time="39.006" timestamp="2026-04-06T04:39:44.399691+00:00" hostname="agent-env-7f5bb1fd-f9b8-40a1-a785-81245f2dfa8f"><testcase classname="tests.test_v3_7point_improvements.TestWelfordExponential" name="test_welford_cold_start_standard_welford" time="0.000" /><testcase classname="tests.test_v3_7point_improvements.TestWelfordExponential" name="test_welford_exponential_decay_after_10" time="0.000" /><testcase classname="tests.test_v3_7point_improvements.TestWelfordExponential" name="test_welford_zscore_variance_calculation" time="0.000" /><testcase classname="tests.test_v3_7point_improvements.TestWelfordExponential" name="test_welford_alpha_default" time="0.000" /><testcase classname="tests.test_v3_7point_improvements.TestTimedecayAccumulator" name="test_n3_stitching_within_ttl" time="0.000" /><testcase classname="tests.test_v3_7point_improvements.TestTimedecayAccumulator" name="test_n3_reset_after_ttl_expired" time="0.000" /><testcase classname="tests.test_v3_7point_improvements.TestPullbackBounceTolerance" name="test_bull_pullback_tolerance_formula" time="0.001" /><testcase classname="tests.test_v3_7point_improvements.TestPullbackBounceTolerance" name="test_bear_bounce_tolerance_formula" time="0.001" /><testcase classname="tests.test_v3_7point_improvements.TestPullbackBounceTolerance" name="test_generate_execution_signal_accepts_atr_m5" time="1.563" /><testcase classname="tests.test_v3_7point_improvements.TestPullbackBounceTolerance" name="test_evaluate_passes_atr_m5_to_generate_execution_signal" time="0.001" /><testcase classname="tests.test_v3_7point_improvements.TestTransicaoBorderDetection" name="test_evaluate_filters_distance_based_border" time="0.001" /><testcase classname="tests.test_v3_7point_improvements.TestTransicaoBorderDetection" name="test_n2_signal_builder_distance_based" time="0.001" /><testcase classname="tests.test_v3_7point_improvements.TestTransicaoBorderDetection" name="test_asymmetric_profile_scenario" time="0.000" /><testcase classname="tests.test_v3_7point_improvements.TestComplacenciaPositionalOnly" name="test_positional_only_sets_n2_bullish_flow_true" time="0.001" /><testcase classname="tests.test_v3_7point_improvements.TestComplacenciaPositionalOnly" name="test_positional_only_comment_explains_bypass" time="0.002" /><testcase classname="tests.test_v3_7point_improvements.TestTransicaoAbsorptionNomenclature" name="test_sell_absorption_above_poc_triggers_sell" time="0.001" /><testcase classname="tests.test_v3_7point_improvements.TestTransicaoAbsorptionNomenclature" name="test_buy_absorption_below_poc_triggers_buy" time="0.001" /><testcase classname="tests.test_v3_7point_improvements.TestTransicaoAbsorptionNomenclature" name="test_ofi_ema_required_for_sell_absorption" time="0.001" /><testcase classname="tests.test_v3_7point_improvements.TestTransicaoAbsorptionNomenclature" name="test_ofi_ema_required_for_buy_absorption" time="0.001" /><testcase classname="tests.test_v3_7point_improvements.TestTransicaoAbsorptionNomenclature" name="test_without_ofi_confirmation_action_stays_wait" time="0.001" /><testcase classname="tests.test_v3_7point_improvements.TestTransicaoAbsorptionNomenclature" name="test_nomenclature_comments_explain_logic" time="0.000" /><testcase classname="tests.test_v3_7point_improvements.TestV3SignalEndpoint" name="test_health_endpoint" time="36.808" /><testcase classname="tests.test_v3_7point_improvements.TestV3SignalEndpoint" name="test_v3_signal_endpoint_returns_valid_response" time="0.459" /></testsuite></testsuites>