<?xml version="1.0" encoding="utf-8"?><testsuites name="pytest tests"><testsuite name="pytest" errors="0" failures="0" skipped="0" tests="21" time="11.153" timestamp="2026-04-04T20:52:00.312300+00:00" hostname="agent-env-7f5bb1fd-f9b8-40a1-a785-81245f2dfa8f"><testcase classname="backend.tests.test_advanced_gamma.TestHealthCheck" name="test_api_health" time="0.156" /><testcase classname="backend.tests.test_advanced_gamma.TestAdvancedGammaEndpoint" name="test_advanced_gamma_valid_symbols[MNQ]" time="0.707" /><testcase classname="backend.tests.test_advanced_gamma.TestAdvancedGammaEndpoint" name="test_advanced_gamma_valid_symbols[MES]" time="0.504" /><testcase classname="backend.tests.test_advanced_gamma.TestAdvancedGammaEndpoint" name="test_advanced_gamma_valid_symbols[MYM]" time="0.453" /><testcase classname="backend.tests.test_advanced_gamma.TestAdvancedGammaEndpoint" name="test_advanced_gamma_valid_symbols[M2K]" time="0.470" /><testcase classname="backend.tests.test_advanced_gamma.TestAdvancedGammaEndpoint" name="test_advanced_gamma_invalid_symbol" time="0.131" /><testcase classname="backend.tests.test_advanced_gamma.TestAdvancedGammaEndpoint" name="test_advanced_gamma_underlying_mapping" time="0.481" /><testcase classname="backend.tests.test_advanced_gamma.TestBasicGammaEndpoint" name="test_basic_gamma_valid_symbols[MNQ]" time="0.111" /><testcase classname="backend.tests.test_advanced_gamma.TestBasicGammaEndpoint" name="test_basic_gamma_valid_symbols[MES]" time="0.106" /><testcase classname="backend.tests.test_advanced_gamma.TestBasicGammaEndpoint" name="test_basic_gamma_valid_symbols[MYM]" time="0.110" /><testcase classname="backend.tests.test_advanced_gamma.TestBasicGammaEndpoint" name="test_basic_gamma_valid_symbols[M2K]" time="0.102" /><testcase classname="backend.tests.test_advanced_gamma.TestBasicGammaEndpoint" name="test_basic_gamma_invalid_symbol" time="0.116" /><testcase classname="backend.tests.test_advanced_gamma.TestAnalyzeEndpoint" name="test_analyze_includes_real_gamma[MNQ]" time="2.542" /><testcase classname="backend.tests.test_advanced_gamma.TestAnalyzeEndpoint" name="test_analyze_includes_real_gamma[MES]" time="1.457" /><testcase classname="backend.tests.test_advanced_gamma.TestAnalyzeEndpoint" name="test_analyze_includes_real_gamma[MYM]" time="0.657" /><testcase classname="backend.tests.test_advanced_gamma.TestAnalyzeEndpoint" name="test_analyze_includes_real_gamma[M2K]" time="1.564" /><testcase classname="backend.tests.test_advanced_gamma.TestAnalyzeEndpoint" name="test_analyze_gamma_in_confirmatory_indicators" time="0.754" /><testcase classname="backend.tests.test_advanced_gamma.TestGEXProfileData" name="test_gex_profile_structure" time="0.103" /><testcase classname="backend.tests.test_advanced_gamma.TestGEXProfileData" name="test_gex_profile_values_consistency" time="0.106" /><testcase classname="backend.tests.test_advanced_gamma.TestZGLInterpretation" name="test_zgl_above_interpretation" time="0.106" /><testcase classname="backend.tests.test_advanced_gamma.TestZGLInterpretation" name="test_zgl_below_interpretation" time="0.330" /></testsuite></testsuites>