<?xml version="1.0" encoding="utf-8"?><testsuites name="pytest tests"><testsuite name="pytest" errors="0" failures="0" skipped="0" tests="10" time="20.051" timestamp="2026-04-05T19:41:58.196533+00:00" hostname="agent-env-7f5bb1fd-f9b8-40a1-a785-81245f2dfa8f"><testcase classname="backend.tests.test_gamma_scoring.TestGammaScoringFix" name="test_mnq_signal_has_gamma_breakdown" time="16.496" /><testcase classname="backend.tests.test_gamma_scoring.TestGammaScoringFix" name="test_mes_signal_has_gamma_breakdown" time="0.263" /><testcase classname="backend.tests.test_gamma_scoring.TestGammaScoringFix" name="test_gamma_pts_range" time="0.469" /><testcase classname="backend.tests.test_gamma_scoring.TestGammaScoringFix" name="test_n1_macro_score_range" time="0.439" /><testcase classname="backend.tests.test_gamma_scoring.TestGammaScoringFix" name="test_n1_regime_valid" time="0.458" /><testcase classname="backend.tests.test_gamma_scoring.TestGammaScoringFix" name="test_n1_has_required_fields" time="0.476" /><testcase classname="backend.tests.test_gamma_scoring.TestGammaScoringFix" name="test_n2_filters_have_passed_field" time="0.441" /><testcase classname="backend.tests.test_gamma_scoring.TestGammaScoringFix" name="test_n3_execution_has_action" time="0.444" /><testcase classname="backend.tests.test_gamma_scoring.TestGammaScoringLogic" name="test_gamma_scoring_logic_via_api" time="0.229" /><testcase classname="backend.tests.test_gamma_scoring.TestGammaScoringLogic" name="test_gamma_data_via_analyze_endpoint" time="0.243" /></testsuite></testsuites>