<?xml version="1.0" encoding="utf-8"?><testsuites name="pytest tests"><testsuite name="pytest" errors="0" failures="0" skipped="0" tests="12" time="67.214" timestamp="2026-04-05T14:04:56.900288+00:00" hostname="agent-env-7f5bb1fd-f9b8-40a1-a785-81245f2dfa8f"><testcase classname="backend.tests.test_v3_live_data.TestV3LiveStatus" name="test_live_status_returns_valid_json" time="0.200" /><testcase classname="backend.tests.test_v3_live_data.TestV3LiveStatus" name="test_live_status_symbols_mnq_mes" time="0.133" /><testcase classname="backend.tests.test_v3_live_data.TestV3LiveStatus" name="test_live_status_disabled_in_preview" time="0.134" /><testcase classname="backend.tests.test_v3_live_data.TestV3SignalLiveFields" name="test_v3_signal_has_live_connected_field" time="7.465" /><testcase classname="backend.tests.test_v3_live_data.TestV3SignalLiveFields" name="test_v3_signal_has_data_source_field" time="0.769" /><testcase classname="backend.tests.test_v3_live_data.TestV3SignalLiveFields" name="test_v3_signal_live_disabled_shows_correct_values" time="1.385" /><testcase classname="backend.tests.test_v3_live_data.TestV3Execute" name="test_v3_execute_force_creates_paper_order" time="0.782" /><testcase classname="backend.tests.test_v3_live_data.TestV3Orders" name="test_v3_orders_returns_orders_list" time="0.132" /><testcase classname="backend.tests.test_v3_live_data.TestAnalyzeEndpoint" name="test_analyze_returns_ofi_source" time="55.580" /><testcase classname="backend.tests.test_v3_live_data.TestAnalyzeEndpoint" name="test_analyze_returns_vwap_3sigma_bands" time="0.301" /><testcase classname="backend.tests.test_v3_live_data.TestV3Regimes" name="test_v3_regimes_returns_5_regimes" time="0.113" /><testcase classname="backend.tests.test_v3_live_data.TestBackendStartup" name="test_backend_health_check" time="0.128" /></testsuite></testsuites>