<?xml version="1.0" encoding="utf-8"?><testsuites name="pytest tests"><testsuite name="pytest" errors="0" failures="0" skipped="0" tests="14" time="40.108" timestamp="2026-04-06T03:37:53.816860+00:00" hostname="agent-env-7f5bb1fd-f9b8-40a1-a785-81245f2dfa8f"><testcase classname="backend.tests.test_v3_improvements.TestN2SignalEnrichedContext" name="test_mnq_nivel_2_has_n2_signal_object" time="14.327" /><testcase classname="backend.tests.test_v3_improvements.TestN2SignalEnrichedContext" name="test_mes_nivel_2_has_n2_signal_object" time="22.080" /><testcase classname="backend.tests.test_v3_improvements.TestN2SignalEnrichedContext" name="test_n3_reason_references_n2_context" time="0.346" /><testcase classname="backend.tests.test_v3_improvements.TestOFIEMA20s" name="test_context_contains_ofi_fast_ema" time="0.272" /><testcase classname="backend.tests.test_v3_improvements.TestOFIEMA20s" name="test_ofi_fast_is_smoothed_not_raw" time="0.281" /><testcase classname="backend.tests.test_v3_improvements.TestWelfordGlobalSeed" name="test_welford_stats_collection_exists" time="0.269" /><testcase classname="backend.tests.test_v3_improvements.TestWelfordGlobalSeed" name="test_snapshot_recording_includes_dz_data" time="0.429" /><testcase classname="backend.tests.test_v3_improvements.TestTransicaoRRFilter" name="test_transicao_rr_filter_fields_present" time="0.298" /><testcase classname="backend.tests.test_v3_improvements.TestTransicaoRRFilter" name="test_rr_filter_in_reason_string" time="0.265" /><testcase classname="backend.tests.test_v3_improvements.TestTransicaoRRFilter" name="test_rr_unviable_blocks_passed" time="0.260" /><testcase classname="backend.tests.test_v3_improvements.TestN2EvaluateFiltersAllRegimes" name="test_interaction_quality_valid_values" time="0.294" /><testcase classname="backend.tests.test_v3_improvements.TestBackendHealth" name="test_health_check" time="0.130" /><testcase classname="backend.tests.test_v3_improvements.TestBackendHealth" name="test_v3_signal_endpoint_responds" time="0.504" /><testcase classname="backend.tests.test_v3_improvements.TestN3UsesN2Signal" name="test_n3_uses_n2_signal_context" time="0.268" /></testsuite></testsuites>