<?xml version="1.0" encoding="utf-8"?><testsuites name="pytest tests"><testsuite name="pytest" errors="0" failures="0" skipped="0" tests="17" time="36.930" timestamp="2026-04-05T10:35:52.728231+00:00" hostname="agent-env-7f5bb1fd-f9b8-40a1-a785-81245f2dfa8f"><testcase classname="backend.tests.test_ofi_treasury.TestOFIEndpoint" name="test_ofi_mnq_returns_200" time="2.176" /><testcase classname="backend.tests.test_ofi_treasury.TestOFIEndpoint" name="test_ofi_mnq_has_required_fields" time="1.723" /><testcase classname="backend.tests.test_ofi_treasury.TestOFIEndpoint" name="test_ofi_mnq_values_in_range" time="1.632" /><testcase classname="backend.tests.test_ofi_treasury.TestOFIEndpoint" name="test_ofi_mes_returns_200" time="5.189" /><testcase classname="backend.tests.test_ofi_treasury.TestOFIEndpoint" name="test_ofi_invalid_symbol_returns_404" time="0.130" /><testcase classname="backend.tests.test_ofi_treasury.TestOFIEndpoint" name="test_ofi_has_interpretation" time="2.644" /><testcase classname="backend.tests.test_ofi_treasury.TestTreasuryEndpoint" name="test_treasury_returns_200" time="1.418" /><testcase classname="backend.tests.test_ofi_treasury.TestTreasuryEndpoint" name="test_treasury_has_2s10s_fields" time="0.104" /><testcase classname="backend.tests.test_ofi_treasury.TestTreasuryEndpoint" name="test_treasury_has_curve_state" time="0.105" /><testcase classname="backend.tests.test_ofi_treasury.TestTreasuryEndpoint" name="test_treasury_has_score_0_to_4" time="0.099" /><testcase classname="backend.tests.test_ofi_treasury.TestTreasuryEndpoint" name="test_treasury_yields_reasonable" time="0.109" /><testcase classname="backend.tests.test_ofi_treasury.TestAnalyzeWithOFI" name="test_analyze_includes_ofi" time="8.733" /><testcase classname="backend.tests.test_ofi_treasury.TestAnalyzeWithOFI" name="test_analyze_ofi_has_required_fields" time="2.641" /><testcase classname="backend.tests.test_ofi_treasury.TestAnalyzeWithOFI" name="test_analyze_includes_treasury_2s10s" time="4.343" /><testcase classname="backend.tests.test_ofi_treasury.TestAnalyzeWithOFI" name="test_analyze_includes_cvd_and_tick_index" time="2.691" /><testcase classname="backend.tests.test_ofi_treasury.TestMarketRegimeScoring" name="test_analyze_has_all_regime_components" time="2.975" /><testcase classname="backend.tests.test_ofi_treasury.TestMarketRegimeScoring" name="test_treasury_score_contributes_0_to_4" time="0.118" /></testsuite></testsuites>