<?xml version="1.0" encoding="utf-8"?><testsuites name="pytest tests"><testsuite name="pytest" errors="0" failures="0" skipped="0" tests="17" time="59.505" timestamp="2026-04-05T08:25:59.017141+00:00" hostname="agent-env-7f5bb1fd-f9b8-40a1-a785-81245f2dfa8f"><testcase classname="backend.tests.test_market_regime.TestTreasuryEndpoint" name="test_treasury_returns_200" time="0.879" /><testcase classname="backend.tests.test_market_regime.TestTreasuryEndpoint" name="test_treasury_has_us10y" time="0.138" /><testcase classname="backend.tests.test_market_regime.TestTreasuryEndpoint" name="test_treasury_has_us30y" time="0.142" /><testcase classname="backend.tests.test_market_regime.TestTreasuryEndpoint" name="test_treasury_has_spread" time="0.104" /><testcase classname="backend.tests.test_market_regime.TestTreasuryEndpoint" name="test_treasury_has_curve_state" time="0.109" /><testcase classname="backend.tests.test_market_regime.TestTreasuryEndpoint" name="test_treasury_source_is_yfinance" time="0.133" /><testcase classname="backend.tests.test_market_regime.TestTermStructureEndpoint" name="test_term_structure_returns_200" time="0.627" /><testcase classname="backend.tests.test_market_regime.TestTermStructureEndpoint" name="test_term_structure_has_ratio" time="0.099" /><testcase classname="backend.tests.test_market_regime.TestTermStructureEndpoint" name="test_term_structure_has_state" time="0.108" /><testcase classname="backend.tests.test_market_regime.TestTermStructureEndpoint" name="test_term_structure_has_vix_values" time="0.100" /><testcase classname="backend.tests.test_market_regime.TestAnalyzeEndpointTermStructure" name="test_analyze_returns_term_structure" time="10.956" /><testcase classname="backend.tests.test_market_regime.TestAnalyzeEndpointTermStructure" name="test_analyze_term_structure_has_ratio" time="6.956" /><testcase classname="backend.tests.test_market_regime.TestAnalyzeEndpointTermStructure" name="test_analyze_returns_treasury" time="4.460" /><testcase classname="backend.tests.test_market_regime.TestAnalyzeEndpointTermStructure" name="test_analyze_returns_real_vix" time="5.250" /><testcase classname="backend.tests.test_market_regime.TestAnalyzeEndpointTermStructure" name="test_analyze_returns_real_gamma" time="23.278" /><testcase classname="backend.tests.test_market_regime.TestMarketRegimeCalculation" name="test_regime_score_max_12" time="5.961" /><testcase classname="backend.tests.test_market_regime.TestTermStructureOverride" name="test_term_structure_ratio_range" time="0.118" /></testsuite></testsuites>