<?xml version="1.0" encoding="utf-8"?><testsuites name="pytest tests"><testsuite name="pytest" errors="0" failures="0" skipped="0" tests="17" time="7.145" timestamp="2026-04-07T23:37:06.355811+00:00" hostname="agent-env-7f5bb1fd-f9b8-40a1-a785-81245f2dfa8f"><testcase classname="tests.test_trading_system_review.TestReplayEngine" name="test_replay_returns_trades" time="5.409" /><testcase classname="tests.test_trading_system_review.TestReplayEngine" name="test_replay_returns_metrics" time="0.000" /><testcase classname="tests.test_trading_system_review.TestReplayEngine" name="test_no_trade_overlap" time="0.000" /><testcase classname="tests.test_trading_system_review.TestReplayEngine" name="test_no_zero_duration_trades" time="0.000" /><testcase classname="tests.test_trading_system_review.TestReplayEngine" name="test_replay_config_preserved" time="0.000" /><testcase classname="tests.test_trading_system_review.TestSignalStackOrders" name="test_signalstack_orders_endpoint" time="0.150" /><testcase classname="tests.test_trading_system_review.TestSignalStackOrders" name="test_signalstack_orders_structure" time="0.120" /><testcase classname="tests.test_trading_system_review.TestSignalStackOrders" name="test_signalstack_orders_with_symbol_filter" time="0.141" /><testcase classname="tests.test_trading_system_review.TestFillsJournal" name="test_journal_endpoint" time="0.131" /><testcase classname="tests.test_trading_system_review.TestFillsJournal" name="test_journal_pnl_calculation" time="0.178" /><testcase classname="tests.test_trading_system_review.TestFillsJournal" name="test_journal_with_filters" time="0.157" /><testcase classname="tests.test_trading_system_review.TestFillsStats" name="test_stats_endpoint" time="0.152" /><testcase classname="tests.test_trading_system_review.TestFillsStats" name="test_stats_by_regime" time="0.155" /><testcase classname="tests.test_trading_system_review.TestFillsStats" name="test_stats_by_symbol" time="0.116" /><testcase classname="tests.test_trading_system_review.TestFillsStats" name="test_stats_with_days_param" time="0.119" /><testcase classname="tests.test_trading_system_review.TestBackendCompilation" name="test_health_endpoint" time="0.111" /><testcase classname="tests.test_trading_system_review.TestBackendCompilation" name="test_replay_defaults_endpoint" time="0.112" /></testsuite></testsuites>