<?xml version="1.0" encoding="utf-8"?><testsuites name="pytest tests"><testsuite name="pytest" errors="0" failures="0" skipped="0" tests="13" time="2.203" timestamp="2026-04-06T05:24:10.486510+00:00" hostname="agent-env-7f5bb1fd-f9b8-40a1-a785-81245f2dfa8f"><testcase classname="backend.tests.test_replay_engine.TestReplayDefaults" name="test_get_defaults_returns_config" time="0.174" /><testcase classname="backend.tests.test_replay_engine.TestReplayRun" name="test_run_with_empty_config_uses_defaults" time="0.135" /><testcase classname="backend.tests.test_replay_engine.TestReplayRun" name="test_run_metrics_include_all_kpis" time="0.120" /><testcase classname="backend.tests.test_replay_engine.TestReplayRun" name="test_run_with_custom_sl_produces_different_results" time="0.191" /><testcase classname="backend.tests.test_replay_engine.TestReplayRunsList" name="test_list_runs_returns_sorted_by_recent" time="0.146" /><testcase classname="backend.tests.test_replay_engine.TestReplayRunById" name="test_get_run_by_id_returns_full_details" time="0.198" /><testcase classname="backend.tests.test_replay_engine.TestReplayRunById" name="test_get_nonexistent_run_returns_404" time="0.117" /><testcase classname="backend.tests.test_replay_engine.TestReplayCompare" name="test_compare_multiple_runs" time="0.222" /><testcase classname="backend.tests.test_replay_engine.TestReplayBatch" name="test_batch_runs_multiple_configs" time="0.216" /><testcase classname="backend.tests.test_replay_engine.TestReplayDelete" name="test_delete_run" time="0.260" /><testcase classname="backend.tests.test_replay_engine.TestReplayDelete" name="test_delete_nonexistent_run_returns_404" time="0.095" /><testcase classname="backend.tests.test_replay_engine.TestReplaySnapshotStats" name="test_get_snapshot_stats" time="0.102" /><testcase classname="backend.tests.test_replay_engine.TestReplayTradeDetails" name="test_trades_have_all_required_fields" time="0.125" /></testsuite></testsuites>