<?xml version="1.0" encoding="utf-8"?><testsuites name="pytest tests"><testsuite name="pytest" errors="0" failures="0" skipped="0" tests="15" time="7.009" timestamp="2026-04-06T06:39:08.655906+00:00" hostname="agent-env-7f5bb1fd-f9b8-40a1-a785-81245f2dfa8f"><testcase classname="backend.tests.test_replay_dynamic_signal.TestReplayDefaults" name="test_defaults_has_signal_mode" time="0.175" /><testcase classname="backend.tests.test_replay_dynamic_signal.TestReplayDefaults" name="test_defaults_has_zscore_min" time="0.105" /><testcase classname="backend.tests.test_replay_dynamic_signal.TestReplayDefaults" name="test_defaults_has_delta_ratio_min" time="0.133" /><testcase classname="backend.tests.test_replay_dynamic_signal.TestReplayDefaults" name="test_defaults_has_ofi_threshold" time="0.101" /><testcase classname="backend.tests.test_replay_dynamic_signal.TestReplayDefaults" name="test_defaults_has_rr_min_atr_mult" time="0.102" /><testcase classname="backend.tests.test_replay_dynamic_signal.TestReplayDefaults" name="test_defaults_has_require_volume_significance" time="0.154" /><testcase classname="backend.tests.test_replay_dynamic_signal.TestReplayDefaults" name="test_defaults_has_session_filters" time="0.108" /><testcase classname="backend.tests.test_replay_dynamic_signal.TestDynamicSignalMode" name="test_dynamic_mode_returns_eval_stats" time="0.125" /><testcase classname="backend.tests.test_replay_dynamic_signal.TestDynamicSignalMode" name="test_dynamic_mode_has_dynamic_accepted" time="0.132" /><testcase classname="backend.tests.test_replay_dynamic_signal.TestStaticSignalMode" name="test_static_mode_no_dynamic_accepted" time="0.120" /><testcase classname="backend.tests.test_replay_dynamic_signal.TestThresholdSensitivity" name="test_relaxed_thresholds_more_trades" time="0.242" /><testcase classname="backend.tests.test_replay_dynamic_signal.TestThresholdSensitivity" name="test_strict_thresholds_fewer_trades" time="0.218" /><testcase classname="backend.tests.test_replay_dynamic_signal.TestVolumeSignificanceFilter" name="test_volume_significance_filters_more" time="0.258" /><testcase classname="backend.tests.test_replay_dynamic_signal.TestEvalStatsStructure" name="test_eval_stats_complete_structure" time="0.117" /><testcase classname="backend.tests.test_replay_dynamic_signal.TestSessionFilter" name="test_session_filter_reduces_signals" time="4.823" /></testsuite></testsuites>