<?xml version="1.0" encoding="utf-8"?><testsuites name="pytest tests"><testsuite name="pytest" errors="0" failures="0" skipped="0" tests="15" time="4.687" timestamp="2026-04-06T07:23:19.290942+00:00" hostname="agent-env-7f5bb1fd-f9b8-40a1-a785-81245f2dfa8f"><testcase classname="backend.tests.test_presets_schedule.TestPresetsCRUD" name="test_create_preset_success" time="2.402" /><testcase classname="backend.tests.test_presets_schedule.TestPresetsCRUD" name="test_create_preset_duplicate_name_returns_409" time="0.186" /><testcase classname="backend.tests.test_presets_schedule.TestPresetsCRUD" name="test_list_presets" time="0.101" /><testcase classname="backend.tests.test_presets_schedule.TestPresetsCRUD" name="test_get_preset_by_id" time="0.192" /><testcase classname="backend.tests.test_presets_schedule.TestPresetsCRUD" name="test_get_preset_not_found" time="0.112" /><testcase classname="backend.tests.test_presets_schedule.TestPresetsCRUD" name="test_update_preset" time="0.265" /><testcase classname="backend.tests.test_presets_schedule.TestPresetsCRUD" name="test_delete_preset" time="0.224" /><testcase classname="backend.tests.test_presets_schedule.TestPresetsCRUD" name="test_delete_preset_not_found" time="0.105" /><testcase classname="backend.tests.test_presets_schedule.TestScheduleCRUD" name="test_create_schedule" time="0.104" /><testcase classname="backend.tests.test_presets_schedule.TestScheduleCRUD" name="test_create_schedule_daily" time="0.102" /><testcase classname="backend.tests.test_presets_schedule.TestScheduleCRUD" name="test_get_schedule" time="0.144" /><testcase classname="backend.tests.test_presets_schedule.TestScheduleCRUD" name="test_disable_schedule" time="0.207" /><testcase classname="backend.tests.test_presets_schedule.TestScheduleCRUD" name="test_get_schedule_history" time="0.154" /><testcase classname="backend.tests.test_presets_schedule.TestScheduleCRUD" name="test_schedule_with_auto_apply" time="0.106" /><testcase classname="backend.tests.test_presets_schedule.TestResetDefaults" name="test_get_defaults" time="0.098" /></testsuite></testsuites>