<?xml version="1.0" encoding="utf-8"?><testsuites name="pytest tests"><testsuite name="pytest" errors="0" failures="0" skipped="0" tests="11" time="55.691" timestamp="2026-04-06T20:45:37.424455+00:00" hostname="agent-env-7f5bb1fd-f9b8-40a1-a785-81245f2dfa8f"><testcase classname="backend.tests.test_context_aware_chart_levels.TestV3SignalStructure" name="test_v3_signal_returns_nivel_1_regime" time="54.359" /><testcase classname="backend.tests.test_context_aware_chart_levels.TestV3SignalStructure" name="test_v3_signal_returns_nivel_2_passed" time="0.459" /><testcase classname="backend.tests.test_context_aware_chart_levels.TestV3SignalStructure" name="test_v3_signal_returns_nivel_3_action" time="0.361" /><testcase classname="backend.tests.test_context_aware_chart_levels.TestV3SignalStructure" name="test_v3_signal_returns_context_overnight_inventory" time="0.437" /><testcase classname="backend.tests.test_context_aware_chart_levels.TestRegimeMatrix" name="test_bull_regime_matrix" time="0.000" /><testcase classname="backend.tests.test_context_aware_chart_levels.TestRegimeMatrix" name="test_capitulacao_regime_matrix" time="0.000" /><testcase classname="backend.tests.test_context_aware_chart_levels.TestRegimeMatrix" name="test_transicao_regime_matrix" time="0.000" /><testcase classname="backend.tests.test_context_aware_chart_levels.TestN3OvernightFix" name="test_overnight_fading_only_transicao" time="0.001" /><testcase classname="backend.tests.test_context_aware_chart_levels.TestN3OvernightFix" name="test_overnight_fading_regimes_in_code" time="0.001" /><testcase classname="backend.tests.test_context_aware_chart_levels.TestRemovedFeatures" name="test_no_vp_multiday_in_frontend" time="0.000" /><testcase classname="backend.tests.test_context_aware_chart_levels.TestRemovedFeatures" name="test_no_vwap_multiday_in_frontend" time="0.000" /></testsuite></testsuites>