<?xml version="1.0" encoding="utf-8"?><testsuites name="pytest tests"><testsuite name="pytest" errors="0" failures="0" skipped="0" tests="9" time="37.076" timestamp="2026-04-06T04:56:48.716614+00:00" hostname="agent-env-7f5bb1fd-f9b8-40a1-a785-81245f2dfa8f"><testcase classname="backend.tests.test_snapshot_enrichment.TestBackendHealth" name="test_health_endpoint" time="0.261" /><testcase classname="backend.tests.test_snapshot_enrichment.TestV3SignalEndpoint" name="test_v3_signal_mes_returns_atr_m5" time="27.422" /><testcase classname="backend.tests.test_snapshot_enrichment.TestV3SignalEndpoint" name="test_v3_signal_mnq_returns_atr_m5" time="7.753" /><testcase classname="backend.tests.test_snapshot_enrichment.TestSnapshotRecordNow" name="test_record_now_returns_recorded_2" time="0.294" /><testcase classname="backend.tests.test_snapshot_enrichment.TestSnapshotDocument" name="test_snapshot_has_trade_preview" time="0.292" /><testcase classname="backend.tests.test_snapshot_enrichment.TestSnapshotDocument" name="test_snapshot_context_has_atr_m5" time="0.288" /><testcase classname="backend.tests.test_snapshot_enrichment.TestSnapshotDocument" name="test_snapshot_n2_has_n2_signal" time="0.284" /><testcase classname="backend.tests.test_snapshot_enrichment.TestSnapshotFieldsForBothSymbols" name="test_both_symbols_have_required_fields" time="0.284" /><testcase classname="backend.tests.test_snapshot_enrichment.TestSnapshotStats" name="test_snapshot_stats_endpoint" time="0.051" /></testsuite></testsuites>